{"contracts\\ALCH.sol":{"l":{"89":3,"93":3,"94":3,"95":3,"96":3,"97":3,"105":0,"106":0,"107":0,"116":0,"117":0,"118":0,"121":0,"124":0,"125":0,"126":0,"129":0,"130":0,"133":0,"141":0,"145":1,"146":1,"147":0,"149":1,"152":1,"154":1,"155":1,"167":0,"168":0,"169":0,"171":0,"174":0,"182":0,"192":0,"195":0,"196":0,"197":0,"198":0,"200":0,"202":0,"206":1,"210":0,"214":0,"215":0,"216":0,"224":1,"225":1,"226":1,"228":1,"229":1,"234":1,"236":1,"239":1,"240":1,"244":0,"255":0,"263":0,"266":0,"269":0,"270":0,"271":0,"272":0,"273":0,"277":0,"278":0,"286":0,"291":0,"292":0,"293":0,"296":0,"297":0,"300":0,"301":0,"304":0,"305":0,"306":0,"307":0,"308":0,"309":0,"310":0,"312":0,"314":0,"317":0,"321":0,"322":0,"323":0,"325":0,"327":0,"335":1,"339":1,"344":1,"349":1,"354":1,"356":1,"364":1,"365":0,"366":0,"367":0,"370":0,"375":0,"378":0,"379":0,"380":0,"383":0,"388":0,"399":0,"404":0,"408":0,"410":0,"411":0,"414":0,"422":0,"423":0,"431":2,"432":2,"440":1,"441":1,"442":1,"450":2,"451":2,"455":0,"456":0,"459":0},"path":"C:\\Git\\alchemy_contracts\\contracts\\ALCH.sol","s":{"1":3,"2":3,"3":3,"4":3,"5":3,"6":3,"7":0,"8":0,"9":0,"10":0,"11":0,"12":0,"13":0,"14":0,"15":0,"16":0,"17":0,"18":0,"19":0,"20":0,"21":1,"22":1,"23":0,"24":1,"25":1,"26":1,"27":1,"28":0,"29":0,"30":0,"31":0,"32":0,"33":0,"34":0,"35":0,"36":0,"37":0,"38":0,"39":0,"40":0,"41":1,"42":0,"43":0,"44":0,"45":0,"46":1,"47":1,"48":1,"49":1,"50":1,"51":1,"52":1,"53":1,"54":1,"55":0,"56":0,"57":0,"58":0,"59":0,"60":0,"61":0,"62":0,"63":0,"64":0,"65":0,"66":0,"67":0,"68":0,"69":0,"70":0,"71":0,"72":0,"73":0,"74":0,"75":0,"76":0,"77":0,"78":0,"79":0,"80":0,"81":0,"82":0,"83":0,"84":0,"85":0,"86":0,"87":0,"88":0,"89":0,"90":1,"91":1,"92":1,"93":1,"94":1,"95":1,"96":1,"97":0,"98":0,"99":0,"100":0,"101":0,"102":0,"103":0,"104":0,"105":0,"106":0,"107":0,"108":0,"109":0,"110":0,"111":0,"112":0,"113":0,"114":0,"115":2,"116":2,"117":1,"118":1,"119":1,"120":2,"121":2,"122":0,"123":0},"b":{"1":[3,0],"2":[0,0],"3":[0,0],"4":[0,0],"5":[0,0],"6":[0,0],"7":[0,1],"8":[0,0],"9":[0,0],"10":[0,0],"11":[0,0],"12":[1,0],"13":[0,0],"14":[0,0],"15":[0,0],"16":[0,0],"17":[0,0],"18":[0,0],"19":[0,0],"20":[0,0],"21":[0,0],"22":[1,0],"23":[1,0],"24":[0,1],"25":[0,0],"26":[0,0],"27":[0,0],"28":[0,0],"29":[2,0],"30":[1,0],"31":[2,0]},"f":{"1":3,"2":0,"3":0,"4":0,"5":1,"6":0,"7":1,"8":0,"9":0,"10":1,"11":0,"12":0,"13":0,"14":0,"15":0,"16":1,"17":1,"18":0,"19":0,"20":2,"21":1,"22":2,"23":0},"fnMap":{"1":{"name":"constructor","line":88,"loc":{"start":{"line":88,"column":4},"end":{"line":98,"column":4}}},"2":{"name":"setMinter","line":104,"loc":{"start":{"line":104,"column":4},"end":{"line":108,"column":4}}},"3":{"name":"mint","line":115,"loc":{"start":{"line":115,"column":4},"end":{"line":134,"column":4}}},"4":{"name":"allowance","line":136,"loc":{"start":{"line":136,"column":4},"end":{"line":142,"column":4}}},"5":{"name":"approve","line":144,"loc":{"start":{"line":144,"column":4},"end":{"line":156,"column":4}}},"6":{"name":"permit","line":158,"loc":{"start":{"line":158,"column":4},"end":{"line":203,"column":4}}},"7":{"name":"balanceOf","line":205,"loc":{"start":{"line":205,"column":4},"end":{"line":207,"column":4}}},"8":{"name":"nonceOf","line":209,"loc":{"start":{"line":209,"column":4},"end":{"line":211,"column":4}}},"9":{"name":"transfer","line":213,"loc":{"start":{"line":213,"column":4},"end":{"line":217,"column":4}}},"10":{"name":"transferFrom","line":219,"loc":{"start":{"line":219,"column":4},"end":{"line":241,"column":4}}},"11":{"name":"delegate","line":243,"loc":{"start":{"line":243,"column":4},"end":{"line":245,"column":4}}},"12":{"name":"delegateBySig","line":247,"loc":{"start":{"line":247,"column":4},"end":{"line":274,"column":4}}},"13":{"name":"getCurrentVotes","line":276,"loc":{"start":{"line":276,"column":4},"end":{"line":279,"column":4}}},"14":{"name":"getPriorVotes","line":281,"loc":{"start":{"line":281,"column":4},"end":{"line":318,"column":4}}},"15":{"name":"_delegate","line":320,"loc":{"start":{"line":320,"column":4},"end":{"line":328,"column":4}}},"16":{"name":"_transferTokens","line":330,"loc":{"start":{"line":330,"column":4},"end":{"line":357,"column":4}}},"17":{"name":"_moveDelegates","line":359,"loc":{"start":{"line":359,"column":4},"end":{"line":391,"column":4}}},"18":{"name":"_writeCheckpoint","line":393,"loc":{"start":{"line":393,"column":4},"end":{"line":415,"column":4}}},"19":{"name":"safe32","line":417,"loc":{"start":{"line":417,"column":4},"end":{"line":424,"column":4}}},"20":{"name":"safe96","line":426,"loc":{"start":{"line":426,"column":4},"end":{"line":433,"column":4}}},"21":{"name":"add96","line":435,"loc":{"start":{"line":435,"column":4},"end":{"line":443,"column":4}}},"22":{"name":"sub96","line":445,"loc":{"start":{"line":445,"column":4},"end":{"line":452,"column":4}}},"23":{"name":"getChainId","line":454,"loc":{"start":{"line":454,"column":4},"end":{"line":460,"column":4}}}},"statementMap":{"1":{"start":{"line":89,"column":8},"end":{"line":89,"column":2710}},"2":{"start":{"line":93,"column":8},"end":{"line":93,"column":46}},"3":{"start":{"line":94,"column":8},"end":{"line":94,"column":55}},"4":{"start":{"line":95,"column":8},"end":{"line":95,"column":23}},"5":{"start":{"line":96,"column":8},"end":{"line":96,"column":46}},"6":{"start":{"line":97,"column":8},"end":{"line":97,"column":49}},"7":{"start":{"line":105,"column":8},"end":{"line":105,"column":102}},"8":{"start":{"line":106,"column":8},"end":{"line":106,"column":43}},"9":{"start":{"line":107,"column":8},"end":{"line":107,"column":23}},"10":{"start":{"line":116,"column":8},"end":{"line":116,"column":76}},"11":{"start":{"line":117,"column":8},"end":{"line":117,"column":93}},"12":{"start":{"line":118,"column":8},"end":{"line":118,"column":84}},"13":{"start":{"line":121,"column":8},"end":{"line":121,"column":83}},"14":{"start":{"line":124,"column":8},"end":{"line":124,"column":79}},"15":{"start":{"line":125,"column":8},"end":{"line":125,"column":112}},"16":{"start":{"line":126,"column":8},"end":{"line":126,"column":105}},"17":{"start":{"line":129,"column":8},"end":{"line":129,"column":92}},"18":{"start":{"line":130,"column":8},"end":{"line":130,"column":46}},"19":{"start":{"line":133,"column":8},"end":{"line":133,"column":57}},"20":{"start":{"line":141,"column":8},"end":{"line":141,"column":43}},"21":{"start":{"line":145,"column":8},"end":{"line":145,"column":21}},"22":{"start":{"line":146,"column":8},"end":{"line":146,"column":4981}},"23":{"start":{"line":147,"column":12},"end":{"line":147,"column":30}},"24":{"start":{"line":149,"column":12},"end":{"line":149,"column":78}},"25":{"start":{"line":152,"column":8},"end":{"line":152,"column":47}},"26":{"start":{"line":154,"column":8},"end":{"line":154,"column":50}},"27":{"start":{"line":155,"column":8},"end":{"line":155,"column":19}},"28":{"start":{"line":167,"column":8},"end":{"line":167,"column":21}},"29":{"start":{"line":168,"column":8},"end":{"line":168,"column":5532}},"30":{"start":{"line":169,"column":12},"end":{"line":169,"column":30}},"31":{"start":{"line":171,"column":12},"end":{"line":171,"column":77}},"32":{"start":{"line":174,"column":8},"end":{"line":174,"column":5720}},"33":{"start":{"line":182,"column":8},"end":{"line":182,"column":5955}},"34":{"start":{"line":192,"column":8},"end":{"line":192,"column":6220}},"35":{"start":{"line":195,"column":8},"end":{"line":195,"column":54}},"36":{"start":{"line":196,"column":8},"end":{"line":196,"column":74}},"37":{"start":{"line":197,"column":8},"end":{"line":197,"column":64}},"38":{"start":{"line":198,"column":8},"end":{"line":198,"column":78}},"39":{"start":{"line":200,"column":8},"end":{"line":200,"column":42}},"40":{"start":{"line":202,"column":8},"end":{"line":202,"column":45}},"41":{"start":{"line":206,"column":8},"end":{"line":206,"column":32}},"42":{"start":{"line":210,"column":8},"end":{"line":210,"column":30}},"43":{"start":{"line":214,"column":8},"end":{"line":214,"column":83}},"44":{"start":{"line":215,"column":8},"end":{"line":215,"column":47}},"45":{"start":{"line":216,"column":8},"end":{"line":216,"column":19}},"46":{"start":{"line":224,"column":8},"end":{"line":224,"column":36}},"47":{"start":{"line":225,"column":8},"end":{"line":225,"column":58}},"48":{"start":{"line":226,"column":8},"end":{"line":226,"column":82}},"49":{"start":{"line":228,"column":8},"end":{"line":228,"column":7533}},"50":{"start":{"line":229,"column":12},"end":{"line":229,"column":7607}},"51":{"start":{"line":234,"column":12},"end":{"line":234,"column":50}},"52":{"start":{"line":236,"column":12},"end":{"line":236,"column":53}},"53":{"start":{"line":239,"column":8},"end":{"line":239,"column":40}},"54":{"start":{"line":240,"column":8},"end":{"line":240,"column":19}},"55":{"start":{"line":244,"column":8},"end":{"line":244,"column":47}},"56":{"start":{"line":255,"column":8},"end":{"line":255,"column":8287}},"57":{"start":{"line":263,"column":8},"end":{"line":263,"column":8522}},"58":{"start":{"line":266,"column":8},"end":{"line":266,"column":8646}},"59":{"start":{"line":269,"column":8},"end":{"line":269,"column":54}},"60":{"start":{"line":270,"column":8},"end":{"line":270,"column":81}},"61":{"start":{"line":271,"column":8},"end":{"line":271,"column":82}},"62":{"start":{"line":272,"column":8},"end":{"line":272,"column":83}},"63":{"start":{"line":273,"column":8},"end":{"line":273,"column":46}},"64":{"start":{"line":277,"column":8},"end":{"line":277,"column":53}},"65":{"start":{"line":278,"column":8},"end":{"line":278,"column":82}},"66":{"start":{"line":286,"column":8},"end":{"line":286,"column":9485}},"67":{"start":{"line":291,"column":8},"end":{"line":291,"column":53}},"68":{"start":{"line":292,"column":8},"end":{"line":292,"column":9669}},"69":{"start":{"line":293,"column":12},"end":{"line":293,"column":20}},"70":{"start":{"line":296,"column":8},"end":{"line":296,"column":9739}},"71":{"start":{"line":297,"column":12},"end":{"line":297,"column":63}},"72":{"start":{"line":300,"column":8},"end":{"line":300,"column":9898}},"73":{"start":{"line":301,"column":12},"end":{"line":301,"column":20}},"74":{"start":{"line":304,"column":8},"end":{"line":304,"column":24}},"75":{"start":{"line":305,"column":8},"end":{"line":305,"column":39}},"76":{"start":{"line":306,"column":8},"end":{"line":306,"column":10067}},"77":{"start":{"line":307,"column":12},"end":{"line":307,"column":55}},"78":{"start":{"line":308,"column":12},"end":{"line":308,"column":63}},"79":{"start":{"line":309,"column":12},"end":{"line":309,"column":10232}},"80":{"start":{"line":310,"column":16},"end":{"line":310,"column":31}},"81":{"start":{"line":311,"column":19},"end":{"line":311,"column":10321}},"82":{"start":{"line":312,"column":16},"end":{"line":312,"column":29}},"83":{"start":{"line":314,"column":16},"end":{"line":314,"column":33}},"84":{"start":{"line":317,"column":8},"end":{"line":317,"column":48}},"85":{"start":{"line":321,"column":8},"end":{"line":321,"column":54}},"86":{"start":{"line":322,"column":8},"end":{"line":322,"column":53}},"87":{"start":{"line":323,"column":8},"end":{"line":323,"column":39}},"88":{"start":{"line":325,"column":8},"end":{"line":325,"column":67}},"89":{"start":{"line":327,"column":8},"end":{"line":327,"column":67}},"90":{"start":{"line":335,"column":8},"end":{"line":335,"column":11037}},"91":{"start":{"line":339,"column":8},"end":{"line":339,"column":11175}},"92":{"start":{"line":344,"column":8},"end":{"line":344,"column":11313}},"93":{"start":{"line":349,"column":8},"end":{"line":349,"column":11476}},"94":{"start":{"line":354,"column":8},"end":{"line":354,"column":39}},"95":{"start":{"line":356,"column":8},"end":{"line":356,"column":61}},"96":{"start":{"line":364,"column":8},"end":{"line":364,"column":11872}},"97":{"start":{"line":365,"column":12},"end":{"line":365,"column":11927}},"98":{"start":{"line":366,"column":16},"end":{"line":366,"column":57}},"99":{"start":{"line":367,"column":16},"end":{"line":367,"column":12039}},"100":{"start":{"line":370,"column":16},"end":{"line":370,"column":12169}},"101":{"start":{"line":375,"column":16},"end":{"line":375,"column":72}},"102":{"start":{"line":378,"column":12},"end":{"line":378,"column":12441}},"103":{"start":{"line":379,"column":16},"end":{"line":379,"column":57}},"104":{"start":{"line":380,"column":16},"end":{"line":380,"column":12553}},"105":{"start":{"line":383,"column":16},"end":{"line":383,"column":12683}},"106":{"start":{"line":388,"column":16},"end":{"line":388,"column":72}},"107":{"start":{"line":399,"column":8},"end":{"line":399,"column":13124}},"108":{"start":{"line":404,"column":8},"end":{"line":404,"column":13270}},"109":{"start":{"line":408,"column":12},"end":{"line":408,"column":68}},"110":{"start":{"line":410,"column":12},"end":{"line":410,"column":83}},"111":{"start":{"line":411,"column":12},"end":{"line":411,"column":55}},"112":{"start":{"line":414,"column":8},"end":{"line":414,"column":64}},"113":{"start":{"line":422,"column":8},"end":{"line":422,"column":39}},"114":{"start":{"line":423,"column":8},"end":{"line":423,"column":24}},"115":{"start":{"line":431,"column":8},"end":{"line":431,"column":39}},"116":{"start":{"line":432,"column":8},"end":{"line":432,"column":24}},"117":{"start":{"line":440,"column":8},"end":{"line":440,"column":24}},"118":{"start":{"line":441,"column":8},"end":{"line":441,"column":36}},"119":{"start":{"line":442,"column":8},"end":{"line":442,"column":16}},"120":{"start":{"line":450,"column":8},"end":{"line":450,"column":36}},"121":{"start":{"line":451,"column":8},"end":{"line":451,"column":20}},"122":{"start":{"line":455,"column":8},"end":{"line":455,"column":23}},"123":{"start":{"line":459,"column":8},"end":{"line":459,"column":22}}},"branchMap":{"1":{"line":89,"type":"if","locations":[{"start":{"line":89,"column":8},"end":{"line":89,"column":8}},{"start":{"line":89,"column":8},"end":{"line":89,"column":8}}]},"2":{"line":105,"type":"if","locations":[{"start":{"line":105,"column":8},"end":{"line":105,"column":8}},{"start":{"line":105,"column":8},"end":{"line":105,"column":8}}]},"3":{"line":116,"type":"if","locations":[{"start":{"line":116,"column":8},"end":{"line":116,"column":8}},{"start":{"line":116,"column":8},"end":{"line":116,"column":8}}]},"4":{"line":117,"type":"if","locations":[{"start":{"line":117,"column":8},"end":{"line":117,"column":8}},{"start":{"line":117,"column":8},"end":{"line":117,"column":8}}]},"5":{"line":118,"type":"if","locations":[{"start":{"line":118,"column":8},"end":{"line":118,"column":8}},{"start":{"line":118,"column":8},"end":{"line":118,"column":8}}]},"6":{"line":125,"type":"if","locations":[{"start":{"line":125,"column":8},"end":{"line":125,"column":8}},{"start":{"line":125,"column":8},"end":{"line":125,"column":8}}]},"7":{"line":146,"type":"if","locations":[{"start":{"line":146,"column":8},"end":{"line":146,"column":8}},{"start":{"line":146,"column":8},"end":{"line":146,"column":8}}]},"8":{"line":168,"type":"if","locations":[{"start":{"line":168,"column":8},"end":{"line":168,"column":8}},{"start":{"line":168,"column":8},"end":{"line":168,"column":8}}]},"9":{"line":196,"type":"if","locations":[{"start":{"line":196,"column":8},"end":{"line":196,"column":8}},{"start":{"line":196,"column":8},"end":{"line":196,"column":8}}]},"10":{"line":197,"type":"if","locations":[{"start":{"line":197,"column":8},"end":{"line":197,"column":8}},{"start":{"line":197,"column":8},"end":{"line":197,"column":8}}]},"11":{"line":198,"type":"if","locations":[{"start":{"line":198,"column":8},"end":{"line":198,"column":8}},{"start":{"line":198,"column":8},"end":{"line":198,"column":8}}]},"12":{"line":228,"type":"if","locations":[{"start":{"line":228,"column":8},"end":{"line":228,"column":8}},{"start":{"line":228,"column":8},"end":{"line":228,"column":8}}]},"13":{"line":270,"type":"if","locations":[{"start":{"line":270,"column":8},"end":{"line":270,"column":8}},{"start":{"line":270,"column":8},"end":{"line":270,"column":8}}]},"14":{"line":271,"type":"if","locations":[{"start":{"line":271,"column":8},"end":{"line":271,"column":8}},{"start":{"line":271,"column":8},"end":{"line":271,"column":8}}]},"15":{"line":272,"type":"if","locations":[{"start":{"line":272,"column":8},"end":{"line":272,"column":8}},{"start":{"line":272,"column":8},"end":{"line":272,"column":8}}]},"16":{"line":286,"type":"if","locations":[{"start":{"line":286,"column":8},"end":{"line":286,"column":8}},{"start":{"line":286,"column":8},"end":{"line":286,"column":8}}]},"17":{"line":292,"type":"if","locations":[{"start":{"line":292,"column":8},"end":{"line":292,"column":8}},{"start":{"line":292,"column":8},"end":{"line":292,"column":8}}]},"18":{"line":296,"type":"if","locations":[{"start":{"line":296,"column":8},"end":{"line":296,"column":8}},{"start":{"line":296,"column":8},"end":{"line":296,"column":8}}]},"19":{"line":300,"type":"if","locations":[{"start":{"line":300,"column":8},"end":{"line":300,"column":8}},{"start":{"line":300,"column":8},"end":{"line":300,"column":8}}]},"20":{"line":309,"type":"if","locations":[{"start":{"line":309,"column":12},"end":{"line":309,"column":12}},{"start":{"line":309,"column":12},"end":{"line":309,"column":12}}]},"21":{"line":311,"type":"if","locations":[{"start":{"line":311,"column":19},"end":{"line":311,"column":19}},{"start":{"line":311,"column":19},"end":{"line":311,"column":19}}]},"22":{"line":335,"type":"if","locations":[{"start":{"line":335,"column":8},"end":{"line":335,"column":8}},{"start":{"line":335,"column":8},"end":{"line":335,"column":8}}]},"23":{"line":339,"type":"if","locations":[{"start":{"line":339,"column":8},"end":{"line":339,"column":8}},{"start":{"line":339,"column":8},"end":{"line":339,"column":8}}]},"24":{"line":364,"type":"if","locations":[{"start":{"line":364,"column":8},"end":{"line":364,"column":8}},{"start":{"line":364,"column":8},"end":{"line":364,"column":8}}]},"25":{"line":365,"type":"if","locations":[{"start":{"line":365,"column":12},"end":{"line":365,"column":12}},{"start":{"line":365,"column":12},"end":{"line":365,"column":12}}]},"26":{"line":378,"type":"if","locations":[{"start":{"line":378,"column":12},"end":{"line":378,"column":12}},{"start":{"line":378,"column":12},"end":{"line":378,"column":12}}]},"27":{"line":404,"type":"if","locations":[{"start":{"line":404,"column":8},"end":{"line":404,"column":8}},{"start":{"line":404,"column":8},"end":{"line":404,"column":8}}]},"28":{"line":422,"type":"if","locations":[{"start":{"line":422,"column":8},"end":{"line":422,"column":8}},{"start":{"line":422,"column":8},"end":{"line":422,"column":8}}]},"29":{"line":431,"type":"if","locations":[{"start":{"line":431,"column":8},"end":{"line":431,"column":8}},{"start":{"line":431,"column":8},"end":{"line":431,"column":8}}]},"30":{"line":441,"type":"if","locations":[{"start":{"line":441,"column":8},"end":{"line":441,"column":8}},{"start":{"line":441,"column":8},"end":{"line":441,"column":8}}]},"31":{"line":450,"type":"if","locations":[{"start":{"line":450,"column":8},"end":{"line":450,"column":8}},{"start":{"line":450,"column":8},"end":{"line":450,"column":8}}]}}},"contracts\\Alchemy.sol":{"l":{"105":4,"106":4,"108":4,"109":4,"110":4,"112":4,"113":4,"114":4,"115":4,"116":4,"117":4,"124":7,"125":6,"137":1,"138":1,"140":1,"141":1,"142":1,"144":1,"154":3,"161":1,"162":1,"163":1,"164":1,"165":1,"166":1,"167":1,"176":1,"177":1,"179":1,"180":1,"182":1,"191":1,"192":1,"194":1,"195":1,"197":1,"198":1,"200":1,"201":0,"205":1,"206":1,"208":1,"209":1,"218":1,"220":1,"221":1,"223":1,"232":1,"233":1,"235":1,"244":1,"255":1,"256":1,"265":2,"266":1,"268":1,"269":1,"272":1,"273":1,"275":1,"276":1,"277":1,"288":1,"289":1,"292":1,"293":1,"294":1,"301":1,"302":1,"303":1,"316":0,"318":0,"319":0,"321":0,"325":0,"326":0,"328":0,"335":1,"343":0,"356":0,"363":0,"370":1,"382":0,"383":0,"384":0,"404":0,"419":0,"420":0,"436":0,"437":0,"438":0,"440":0,"441":0,"442":0,"447":0,"448":0,"470":0,"471":0,"473":0,"474":0,"482":0,"483":0,"484":0,"488":0,"489":0,"497":1,"506":0,"507":0,"518":12,"520":12,"521":12,"522":0,"526":12,"527":12,"531":0,"532":0,"535":0,"536":0,"537":0,"538":0,"539":0,"540":0,"541":0,"543":0,"545":0,"548":0,"552":1,"553":1,"554":1,"556":1,"558":1,"562":0,"563":0,"565":0,"566":0,"567":0,"569":0,"573":1,"574":1,"575":0,"576":0,"577":0,"578":0,"581":1,"582":1,"583":1,"584":1,"585":1,"591":1,"593":1,"594":0,"596":1,"597":1,"600":1,"604":1,"605":1,"610":0,"611":0,"612":0,"659":3,"660":3,"669":1,"670":0,"695":1,"707":1,"709":1,"710":1,"719":1,"720":1,"729":2},"path":"C:\\Git\\alchemy_contracts\\contracts\\Alchemy.sol","s":{"1":4,"2":4,"3":4,"4":4,"5":4,"6":4,"7":4,"8":4,"9":4,"10":4,"11":7,"12":1,"13":1,"14":1,"15":1,"16":1,"17":1,"18":3,"19":1,"20":1,"21":1,"22":1,"23":1,"24":1,"25":1,"26":1,"27":1,"28":1,"29":1,"30":1,"31":1,"32":1,"33":1,"34":1,"35":1,"36":1,"37":1,"38":0,"39":1,"40":1,"41":1,"42":1,"43":1,"44":1,"45":1,"46":1,"47":1,"48":1,"49":1,"50":1,"51":1,"52":1,"53":2,"54":1,"55":1,"56":1,"57":1,"58":1,"59":1,"60":1,"61":1,"62":1,"63":1,"64":1,"65":0,"66":0,"67":0,"68":0,"69":0,"70":0,"71":0,"72":1,"73":0,"74":0,"75":0,"76":1,"77":0,"78":0,"79":0,"80":0,"81":0,"82":0,"83":0,"84":0,"85":0,"86":0,"87":0,"88":0,"89":0,"90":0,"91":0,"92":0,"93":0,"94":0,"95":0,"96":0,"97":0,"98":0,"99":0,"100":1,"101":0,"102":0,"103":12,"104":12,"105":12,"106":0,"107":12,"108":12,"109":0,"110":0,"111":0,"112":0,"113":0,"114":0,"115":0,"116":0,"117":0,"118":0,"119":0,"120":0,"121":0,"122":1,"123":1,"124":1,"125":1,"126":1,"127":0,"128":0,"129":0,"130":0,"131":0,"132":0,"133":1,"134":1,"135":0,"136":0,"137":0,"138":0,"139":1,"140":1,"141":1,"142":1,"143":1,"144":1,"145":1,"146":0,"147":1,"148":1,"149":1,"150":1,"151":1,"152":0,"153":0,"154":3,"155":3,"156":1,"157":0,"158":1,"159":1,"160":1,"161":1,"162":1,"163":1,"164":2},"b":{"1":[6,1],"2":[1,0],"3":[1,0],"4":[1,0],"5":[1,0],"6":[1,0],"7":[1,0],"8":[1,1],"9":[1,0],"10":[1,0],"11":[0,0],"12":[0,0],"13":[0,0],"14":[0,0],"15":[0,0],"16":[0,0],"17":[0,0],"18":[12,0],"19":[0,12],"20":[12,0],"21":[0,0],"22":[0,0],"23":[0,0],"24":[0,0],"25":[0,0],"26":[1,0],"27":[0,1],"28":[1,0],"29":[0,1],"30":[1,0],"31":[0,1],"32":[1,0]},"f":{"1":4,"2":7,"3":1,"4":3,"5":1,"6":1,"7":1,"8":1,"9":1,"10":1,"11":1,"12":2,"13":1,"14":1,"15":0,"16":1,"17":0,"18":0,"19":0,"20":1,"21":0,"22":0,"23":0,"24":0,"25":0,"26":0,"27":0,"28":1,"29":0,"30":12,"31":1,"32":0,"33":1,"34":1,"35":1,"36":0,"37":3,"38":1,"39":1,"40":1,"41":2},"fnMap":{"1":{"name":"constructor","line":94,"loc":{"start":{"line":94,"column":4},"end":{"line":118,"column":4}}},"2":{"name":"onlyTimeLock","line":123,"loc":{"start":{"line":123,"column":4},"end":{"line":126,"column":4}}},"3":{"name":"init","line":136,"loc":{"start":{"line":136,"column":4},"end":{"line":145,"column":4}}},"4":{"name":"_burn","line":153,"loc":{"start":{"line":153,"column":4},"end":{"line":155,"column":4}}},"5":{"name":"burnForETH","line":160,"loc":{"start":{"line":160,"column":4},"end":{"line":168,"column":4}}},"6":{"name":"Buyshares","line":175,"loc":{"start":{"line":175,"column":4},"end":{"line":183,"column":4}}},"7":{"name":"buyout","line":190,"loc":{"start":{"line":190,"column":4},"end":{"line":210,"column":4}}},"8":{"name":"burnSharesForSale","line":217,"loc":{"start":{"line":217,"column":4},"end":{"line":224,"column":4}}},"9":{"name":"mintSharesForSale","line":231,"loc":{"start":{"line":231,"column":4},"end":{"line":236,"column":4}}},"10":{"name":"changeBuyoutPrice","line":243,"loc":{"start":{"line":243,"column":4},"end":{"line":245,"column":4}}},"11":{"name":"setNftSale","line":254,"loc":{"start":{"line":254,"column":4},"end":{"line":257,"column":4}}},"12":{"name":"buySingleNft","line":264,"loc":{"start":{"line":264,"column":4},"end":{"line":278,"column":4}}},"13":{"name":"addNft","line":287,"loc":{"start":{"line":287,"column":4},"end":{"line":295,"column":4}}},"14":{"name":"returnNft","line":300,"loc":{"start":{"line":300,"column":4},"end":{"line":304,"column":4}}},"15":{"name":"executeTransaction","line":315,"loc":{"start":{"line":315,"column":4},"end":{"line":329,"column":4}}},"16":{"name":"name","line":334,"loc":{"start":{"line":334,"column":4},"end":{"line":336,"column":4}}},"17":{"name":"symbol","line":342,"loc":{"start":{"line":342,"column":4},"end":{"line":344,"column":4}}},"18":{"name":"decimals","line":355,"loc":{"start":{"line":355,"column":4},"end":{"line":357,"column":4}}},"19":{"name":"totalSupply","line":362,"loc":{"start":{"line":362,"column":4},"end":{"line":364,"column":4}}},"20":{"name":"balanceOf","line":369,"loc":{"start":{"line":369,"column":4},"end":{"line":371,"column":4}}},"21":{"name":"transfer","line":381,"loc":{"start":{"line":381,"column":4},"end":{"line":385,"column":4}}},"22":{"name":null,"line":391,"loc":{"start":{"line":391,"column":4},"end":{"line":391,"column":33}}},"23":{"name":"allowance","line":398,"loc":{"start":{"line":398,"column":4},"end":{"line":405,"column":4}}},"24":{"name":"approve","line":414,"loc":{"start":{"line":414,"column":4},"end":{"line":421,"column":4}}},"25":{"name":"transferFrom","line":435,"loc":{"start":{"line":435,"column":4},"end":{"line":449,"column":4}}},"26":{"name":"_approve","line":465,"loc":{"start":{"line":465,"column":4},"end":{"line":475,"column":4}}},"27":{"name":"_transfer","line":477,"loc":{"start":{"line":477,"column":4},"end":{"line":490,"column":4}}},"28":{"name":"delegate","line":496,"loc":{"start":{"line":496,"column":4},"end":{"line":498,"column":4}}},"29":{"name":"getCurrentVotes","line":505,"loc":{"start":{"line":505,"column":4},"end":{"line":508,"column":4}}},"30":{"name":"getPriorVotes","line":517,"loc":{"start":{"line":517,"column":4},"end":{"line":549,"column":4}}},"31":{"name":"_delegate","line":551,"loc":{"start":{"line":551,"column":4},"end":{"line":559,"column":4}}},"32":{"name":"_transferTokens","line":561,"loc":{"start":{"line":561,"column":4},"end":{"line":570,"column":4}}},"33":{"name":"_moveDelegates","line":572,"loc":{"start":{"line":572,"column":4},"end":{"line":588,"column":4}}},"34":{"name":"_writeCheckpoint","line":590,"loc":{"start":{"line":590,"column":4},"end":{"line":601,"column":4}}},"35":{"name":"safe32","line":603,"loc":{"start":{"line":603,"column":4},"end":{"line":606,"column":4}}},"36":{"name":"getChainId","line":609,"loc":{"start":{"line":609,"column":4},"end":{"line":613,"column":4}}},"37":{"name":"constructor","line":658,"loc":{"start":{"line":658,"column":4},"end":{"line":661,"column":4}}},"38":{"name":"distributeAlc","line":668,"loc":{"start":{"line":668,"column":4},"end":{"line":672,"column":4}}},"39":{"name":"NFTDAOMint","line":686,"loc":{"start":{"line":686,"column":4},"end":{"line":711,"column":4}}},"40":{"name":"newFactoryOwner","line":718,"loc":{"start":{"line":718,"column":4},"end":{"line":721,"column":4}}},"41":{"name":"getFactoryOwner","line":728,"loc":{"start":{"line":728,"column":4},"end":{"line":730,"column":4}}}},"statementMap":{"1":{"start":{"line":105,"column":8},"end":{"line":105,"column":22}},"2":{"start":{"line":106,"column":8},"end":{"line":106,"column":41}},"3":{"start":{"line":109,"column":8},"end":{"line":109,"column":58}},"4":{"start":{"line":110,"column":8},"end":{"line":110,"column":52}},"5":{"start":{"line":112,"column":8},"end":{"line":112,"column":45}},"6":{"start":{"line":113,"column":8},"end":{"line":113,"column":20}},"7":{"start":{"line":114,"column":8},"end":{"line":114,"column":24}},"8":{"start":{"line":115,"column":8},"end":{"line":115,"column":34}},"9":{"start":{"line":116,"column":8},"end":{"line":116,"column":39}},"10":{"start":{"line":117,"column":8},"end":{"line":117,"column":55}},"11":{"start":{"line":124,"column":8},"end":{"line":124,"column":69}},"12":{"start":{"line":137,"column":8},"end":{"line":137,"column":50}},"13":{"start":{"line":138,"column":8},"end":{"line":138,"column":39}},"14":{"start":{"line":140,"column":8},"end":{"line":140,"column":114}},"15":{"start":{"line":141,"column":8},"end":{"line":141,"column":98}},"16":{"start":{"line":142,"column":8},"end":{"line":142,"column":50}},"17":{"start":{"line":144,"column":8},"end":{"line":144,"column":116}},"18":{"start":{"line":154,"column":8},"end":{"line":154,"column":29}},"19":{"start":{"line":161,"column":8},"end":{"line":161,"column":47}},"20":{"start":{"line":162,"column":8},"end":{"line":162,"column":32}},"21":{"start":{"line":163,"column":8},"end":{"line":163,"column":57}},"22":{"start":{"line":164,"column":8},"end":{"line":164,"column":74}},"23":{"start":{"line":165,"column":8},"end":{"line":165,"column":21}},"24":{"start":{"line":166,"column":8},"end":{"line":166,"column":35}},"25":{"start":{"line":167,"column":8},"end":{"line":167,"column":54}},"26":{"start":{"line":176,"column":8},"end":{"line":176,"column":54}},"27":{"start":{"line":177,"column":8},"end":{"line":177,"column":84}},"28":{"start":{"line":179,"column":8},"end":{"line":179,"column":64}},"29":{"start":{"line":180,"column":8},"end":{"line":180,"column":50}},"30":{"start":{"line":182,"column":8},"end":{"line":182,"column":82}},"31":{"start":{"line":191,"column":8},"end":{"line":191,"column":47}},"32":{"start":{"line":192,"column":8},"end":{"line":192,"column":32}},"33":{"start":{"line":194,"column":8},"end":{"line":194,"column":105}},"34":{"start":{"line":195,"column":8},"end":{"line":195,"column":73}},"35":{"start":{"line":197,"column":8},"end":{"line":197,"column":68}},"36":{"start":{"line":198,"column":8},"end":{"line":198,"column":21}},"37":{"start":{"line":200,"column":8},"end":{"line":200,"column":6998}},"38":{"start":{"line":201,"column":12},"end":{"line":201,"column":108}},"39":{"start":{"line":205,"column":8},"end":{"line":205,"column":90}},"40":{"start":{"line":206,"column":8},"end":{"line":206,"column":82}},"41":{"start":{"line":208,"column":8},"end":{"line":208,"column":39}},"42":{"start":{"line":209,"column":8},"end":{"line":209,"column":54}},"43":{"start":{"line":218,"column":8},"end":{"line":218,"column":54}},"44":{"start":{"line":220,"column":8},"end":{"line":220,"column":20}},"45":{"start":{"line":221,"column":8},"end":{"line":221,"column":31}},"46":{"start":{"line":223,"column":8},"end":{"line":223,"column":53}},"47":{"start":{"line":232,"column":8},"end":{"line":232,"column":29}},"48":{"start":{"line":233,"column":8},"end":{"line":233,"column":31}},"49":{"start":{"line":235,"column":8},"end":{"line":235,"column":56}},"50":{"start":{"line":244,"column":8},"end":{"line":244,"column":28}},"51":{"start":{"line":255,"column":8},"end":{"line":255,"column":49}},"52":{"start":{"line":256,"column":8},"end":{"line":256,"column":48}},"53":{"start":{"line":265,"column":8},"end":{"line":265,"column":67}},"54":{"start":{"line":266,"column":8},"end":{"line":266,"column":79}},"55":{"start":{"line":268,"column":8},"end":{"line":268,"column":78}},"56":{"start":{"line":269,"column":8},"end":{"line":269,"column":122}},"57":{"start":{"line":272,"column":8},"end":{"line":272,"column":90}},"58":{"start":{"line":273,"column":8},"end":{"line":273,"column":92}},"59":{"start":{"line":277,"column":8},"end":{"line":277,"column":39}},"60":{"start":{"line":288,"column":8},"end":{"line":288,"column":10133}},"61":{"start":{"line":289,"column":12},"end":{"line":289,"column":149}},"62":{"start":{"line":293,"column":8},"end":{"line":293,"column":63}},"63":{"start":{"line":294,"column":8},"end":{"line":294,"column":51}},"64":{"start":{"line":301,"column":8},"end":{"line":301,"column":100}},"65":{"start":{"line":316,"column":8},"end":{"line":316,"column":29}},"66":{"start":{"line":318,"column":8},"end":{"line":318,"column":11247}},"67":{"start":{"line":319,"column":12},"end":{"line":319,"column":26}},"68":{"start":{"line":321,"column":12},"end":{"line":321,"column":81}},"69":{"start":{"line":325,"column":8},"end":{"line":325,"column":84}},"70":{"start":{"line":326,"column":8},"end":{"line":326,"column":44}},"71":{"start":{"line":328,"column":8},"end":{"line":328,"column":25}},"72":{"start":{"line":335,"column":8},"end":{"line":335,"column":20}},"73":{"start":{"line":343,"column":8},"end":{"line":343,"column":22}},"74":{"start":{"line":356,"column":8},"end":{"line":356,"column":24}},"75":{"start":{"line":363,"column":8},"end":{"line":363,"column":27}},"76":{"start":{"line":370,"column":8},"end":{"line":370,"column":33}},"77":{"start":{"line":382,"column":8},"end":{"line":382,"column":34}},"78":{"start":{"line":383,"column":8},"end":{"line":383,"column":47}},"79":{"start":{"line":384,"column":8},"end":{"line":384,"column":19}},"80":{"start":{"line":404,"column":8},"end":{"line":404,"column":42}},"81":{"start":{"line":419,"column":8},"end":{"line":419,"column":44}},"82":{"start":{"line":420,"column":8},"end":{"line":420,"column":19}},"83":{"start":{"line":436,"column":8},"end":{"line":436,"column":36}},"84":{"start":{"line":437,"column":8},"end":{"line":437,"column":60}},"85":{"start":{"line":438,"column":8},"end":{"line":438,"column":34}},"86":{"start":{"line":440,"column":8},"end":{"line":440,"column":14793}},"87":{"start":{"line":441,"column":12},"end":{"line":441,"column":88}},"88":{"start":{"line":442,"column":12},"end":{"line":442,"column":51}},"89":{"start":{"line":447,"column":8},"end":{"line":447,"column":40}},"90":{"start":{"line":448,"column":8},"end":{"line":448,"column":19}},"91":{"start":{"line":470,"column":8},"end":{"line":470,"column":60}},"92":{"start":{"line":471,"column":8},"end":{"line":471,"column":60}},"93":{"start":{"line":473,"column":8},"end":{"line":473,"column":43}},"94":{"start":{"line":474,"column":8},"end":{"line":474,"column":45}},"95":{"start":{"line":482,"column":8},"end":{"line":482,"column":62}},"96":{"start":{"line":483,"column":8},"end":{"line":483,"column":63}},"97":{"start":{"line":484,"column":8},"end":{"line":484,"column":16190}},"98":{"start":{"line":488,"column":8},"end":{"line":488,"column":62}},"99":{"start":{"line":489,"column":8},"end":{"line":489,"column":48}},"100":{"start":{"line":497,"column":8},"end":{"line":497,"column":47}},"101":{"start":{"line":506,"column":8},"end":{"line":506,"column":53}},"102":{"start":{"line":507,"column":8},"end":{"line":507,"column":82}},"103":{"start":{"line":518,"column":8},"end":{"line":518,"column":63}},"104":{"start":{"line":520,"column":8},"end":{"line":520,"column":53}},"105":{"start":{"line":521,"column":8},"end":{"line":521,"column":17764}},"106":{"start":{"line":522,"column":12},"end":{"line":522,"column":20}},"107":{"start":{"line":526,"column":8},"end":{"line":526,"column":17878}},"108":{"start":{"line":527,"column":12},"end":{"line":527,"column":63}},"109":{"start":{"line":531,"column":8},"end":{"line":531,"column":18082}},"110":{"start":{"line":532,"column":12},"end":{"line":532,"column":20}},"111":{"start":{"line":535,"column":8},"end":{"line":535,"column":24}},"112":{"start":{"line":536,"column":8},"end":{"line":536,"column":39}},"113":{"start":{"line":537,"column":8},"end":{"line":537,"column":18251}},"114":{"start":{"line":538,"column":12},"end":{"line":538,"column":55}},"115":{"start":{"line":539,"column":12},"end":{"line":539,"column":63}},"116":{"start":{"line":540,"column":12},"end":{"line":540,"column":18443}},"117":{"start":{"line":541,"column":16},"end":{"line":541,"column":31}},"118":{"start":{"line":542,"column":19},"end":{"line":542,"column":18532}},"119":{"start":{"line":543,"column":16},"end":{"line":543,"column":29}},"120":{"start":{"line":545,"column":16},"end":{"line":545,"column":33}},"121":{"start":{"line":548,"column":8},"end":{"line":548,"column":48}},"122":{"start":{"line":552,"column":8},"end":{"line":552,"column":54}},"123":{"start":{"line":553,"column":8},"end":{"line":553,"column":55}},"124":{"start":{"line":554,"column":8},"end":{"line":554,"column":39}},"125":{"start":{"line":556,"column":8},"end":{"line":556,"column":67}},"126":{"start":{"line":558,"column":8},"end":{"line":558,"column":67}},"127":{"start":{"line":562,"column":8},"end":{"line":562,"column":59}},"128":{"start":{"line":563,"column":8},"end":{"line":563,"column":59}},"129":{"start":{"line":565,"column":8},"end":{"line":565,"column":74}},"130":{"start":{"line":566,"column":8},"end":{"line":566,"column":51}},"131":{"start":{"line":567,"column":8},"end":{"line":567,"column":39}},"132":{"start":{"line":569,"column":8},"end":{"line":569,"column":61}},"133":{"start":{"line":573,"column":8},"end":{"line":573,"column":19684}},"134":{"start":{"line":574,"column":12},"end":{"line":574,"column":19739}},"135":{"start":{"line":575,"column":16},"end":{"line":575,"column":57}},"136":{"start":{"line":576,"column":16},"end":{"line":576,"column":96}},"137":{"start":{"line":577,"column":16},"end":{"line":577,"column":76}},"138":{"start":{"line":578,"column":16},"end":{"line":578,"column":72}},"139":{"start":{"line":581,"column":12},"end":{"line":581,"column":20111}},"140":{"start":{"line":582,"column":16},"end":{"line":582,"column":57}},"141":{"start":{"line":583,"column":16},"end":{"line":583,"column":96}},"142":{"start":{"line":584,"column":16},"end":{"line":584,"column":57}},"143":{"start":{"line":585,"column":16},"end":{"line":585,"column":72}},"144":{"start":{"line":591,"column":8},"end":{"line":591,"column":68}},"145":{"start":{"line":593,"column":8},"end":{"line":593,"column":20665}},"146":{"start":{"line":594,"column":12},"end":{"line":594,"column":68}},"147":{"start":{"line":596,"column":12},"end":{"line":596,"column":83}},"148":{"start":{"line":597,"column":12},"end":{"line":597,"column":55}},"149":{"start":{"line":600,"column":8},"end":{"line":600,"column":64}},"150":{"start":{"line":604,"column":8},"end":{"line":604,"column":39}},"151":{"start":{"line":605,"column":8},"end":{"line":605,"column":24}},"152":{"start":{"line":610,"column":8},"end":{"line":610,"column":23}},"153":{"start":{"line":612,"column":8},"end":{"line":612,"column":22}},"154":{"start":{"line":659,"column":8},"end":{"line":659,"column":17}},"155":{"start":{"line":660,"column":8},"end":{"line":660,"column":32}},"156":{"start":{"line":669,"column":8},"end":{"line":669,"column":22803}},"157":{"start":{"line":670,"column":12},"end":{"line":670,"column":43}},"158":{"start":{"line":695,"column":8},"end":{"line":695,"column":23705}},"159":{"start":{"line":707,"column":8},"end":{"line":707,"column":36}},"160":{"start":{"line":709,"column":8},"end":{"line":709,"column":45}},"161":{"start":{"line":710,"column":8},"end":{"line":710,"column":35}},"162":{"start":{"line":719,"column":8},"end":{"line":719,"column":56}},"163":{"start":{"line":720,"column":8},"end":{"line":720,"column":30}},"164":{"start":{"line":729,"column":8},"end":{"line":729,"column":27}}},"branchMap":{"1":{"line":124,"type":"if","locations":[{"start":{"line":124,"column":8},"end":{"line":124,"column":8}},{"start":{"line":124,"column":8},"end":{"line":124,"column":8}}]},"2":{"line":137,"type":"if","locations":[{"start":{"line":137,"column":8},"end":{"line":137,"column":8}},{"start":{"line":137,"column":8},"end":{"line":137,"column":8}}]},"3":{"line":138,"type":"if","locations":[{"start":{"line":138,"column":8},"end":{"line":138,"column":8}},{"start":{"line":138,"column":8},"end":{"line":138,"column":8}}]},"4":{"line":176,"type":"if","locations":[{"start":{"line":176,"column":8},"end":{"line":176,"column":8}},{"start":{"line":176,"column":8},"end":{"line":176,"column":8}}]},"5":{"line":177,"type":"if","locations":[{"start":{"line":177,"column":8},"end":{"line":177,"column":8}},{"start":{"line":177,"column":8},"end":{"line":177,"column":8}}]},"6":{"line":195,"type":"if","locations":[{"start":{"line":195,"column":8},"end":{"line":195,"column":8}},{"start":{"line":195,"column":8},"end":{"line":195,"column":8}}]},"7":{"line":218,"type":"if","locations":[{"start":{"line":218,"column":8},"end":{"line":218,"column":8}},{"start":{"line":218,"column":8},"end":{"line":218,"column":8}}]},"8":{"line":265,"type":"if","locations":[{"start":{"line":265,"column":8},"end":{"line":265,"column":8}},{"start":{"line":265,"column":8},"end":{"line":265,"column":8}}]},"9":{"line":266,"type":"if","locations":[{"start":{"line":266,"column":8},"end":{"line":266,"column":8}},{"start":{"line":266,"column":8},"end":{"line":266,"column":8}}]},"10":{"line":289,"type":"if","locations":[{"start":{"line":289,"column":12},"end":{"line":289,"column":12}},{"start":{"line":289,"column":12},"end":{"line":289,"column":12}}]},"11":{"line":318,"type":"if","locations":[{"start":{"line":318,"column":8},"end":{"line":318,"column":8}},{"start":{"line":318,"column":8},"end":{"line":318,"column":8}}]},"12":{"line":326,"type":"if","locations":[{"start":{"line":326,"column":8},"end":{"line":326,"column":8}},{"start":{"line":326,"column":8},"end":{"line":326,"column":8}}]},"13":{"line":440,"type":"if","locations":[{"start":{"line":440,"column":8},"end":{"line":440,"column":8}},{"start":{"line":440,"column":8},"end":{"line":440,"column":8}}]},"14":{"line":470,"type":"if","locations":[{"start":{"line":470,"column":8},"end":{"line":470,"column":8}},{"start":{"line":470,"column":8},"end":{"line":470,"column":8}}]},"15":{"line":471,"type":"if","locations":[{"start":{"line":471,"column":8},"end":{"line":471,"column":8}},{"start":{"line":471,"column":8},"end":{"line":471,"column":8}}]},"16":{"line":482,"type":"if","locations":[{"start":{"line":482,"column":8},"end":{"line":482,"column":8}},{"start":{"line":482,"column":8},"end":{"line":482,"column":8}}]},"17":{"line":483,"type":"if","locations":[{"start":{"line":483,"column":8},"end":{"line":483,"column":8}},{"start":{"line":483,"column":8},"end":{"line":483,"column":8}}]},"18":{"line":518,"type":"if","locations":[{"start":{"line":518,"column":8},"end":{"line":518,"column":8}},{"start":{"line":518,"column":8},"end":{"line":518,"column":8}}]},"19":{"line":521,"type":"if","locations":[{"start":{"line":521,"column":8},"end":{"line":521,"column":8}},{"start":{"line":521,"column":8},"end":{"line":521,"column":8}}]},"20":{"line":526,"type":"if","locations":[{"start":{"line":526,"column":8},"end":{"line":526,"column":8}},{"start":{"line":526,"column":8},"end":{"line":526,"column":8}}]},"21":{"line":531,"type":"if","locations":[{"start":{"line":531,"column":8},"end":{"line":531,"column":8}},{"start":{"line":531,"column":8},"end":{"line":531,"column":8}}]},"22":{"line":540,"type":"if","locations":[{"start":{"line":540,"column":12},"end":{"line":540,"column":12}},{"start":{"line":540,"column":12},"end":{"line":540,"column":12}}]},"23":{"line":542,"type":"if","locations":[{"start":{"line":542,"column":19},"end":{"line":542,"column":19}},{"start":{"line":542,"column":19},"end":{"line":542,"column":19}}]},"24":{"line":562,"type":"if","locations":[{"start":{"line":562,"column":8},"end":{"line":562,"column":8}},{"start":{"line":562,"column":8},"end":{"line":562,"column":8}}]},"25":{"line":563,"type":"if","locations":[{"start":{"line":563,"column":8},"end":{"line":563,"column":8}},{"start":{"line":563,"column":8},"end":{"line":563,"column":8}}]},"26":{"line":573,"type":"if","locations":[{"start":{"line":573,"column":8},"end":{"line":573,"column":8}},{"start":{"line":573,"column":8},"end":{"line":573,"column":8}}]},"27":{"line":574,"type":"if","locations":[{"start":{"line":574,"column":12},"end":{"line":574,"column":12}},{"start":{"line":574,"column":12},"end":{"line":574,"column":12}}]},"28":{"line":581,"type":"if","locations":[{"start":{"line":581,"column":12},"end":{"line":581,"column":12}},{"start":{"line":581,"column":12},"end":{"line":581,"column":12}}]},"29":{"line":593,"type":"if","locations":[{"start":{"line":593,"column":8},"end":{"line":593,"column":8}},{"start":{"line":593,"column":8},"end":{"line":593,"column":8}}]},"30":{"line":604,"type":"if","locations":[{"start":{"line":604,"column":8},"end":{"line":604,"column":8}},{"start":{"line":604,"column":8},"end":{"line":604,"column":8}}]},"31":{"line":669,"type":"if","locations":[{"start":{"line":669,"column":8},"end":{"line":669,"column":8}},{"start":{"line":669,"column":8},"end":{"line":669,"column":8}}]},"32":{"line":719,"type":"if","locations":[{"start":{"line":719,"column":8},"end":{"line":719,"column":8}},{"start":{"line":719,"column":8},"end":{"line":719,"column":8}}]}}},"contracts\\AlchemyGovernorAlpha.sol":{"l":{"139":1,"140":1,"141":1,"145":1,"146":1,"150":6,"151":6,"152":6,"153":6,"155":6,"156":6,"157":5,"158":5,"159":5,"162":6,"163":6,"165":6,"166":6,"182":6,"183":6,"185":6,"186":6,"190":6,"191":6,"192":6,"193":6,"194":6,"196":6,"197":6,"201":6,"202":6,"206":6,"207":6,"208":6,"209":6,"210":6,"212":6,"216":0,"217":0,"219":0,"220":0,"222":0,"223":0,"224":0,"227":0,"231":0,"232":0,"236":0,"240":26,"241":26,"242":26,"243":0,"245":2,"247":6,"249":0,"251":7,"253":5,"255":0,"257":6,"262":6,"266":0,"267":0,"268":0,"269":0,"270":0,"271":0,"275":6,"276":6,"277":6,"278":6,"279":6,"281":6,"282":6,"284":0,"287":6,"288":6,"289":6,"291":6,"295":30,"296":30,"297":30,"301":6,"302":6,"306":0,"307":0,"308":0,"342":1,"347":1,"348":1},"path":"C:\\Git\\alchemy_contracts\\contracts\\AlchemyGovernorAlpha.sol","s":{"1":18,"2":6,"3":6,"4":6,"5":6,"6":1,"7":1,"8":1,"9":1,"10":1,"11":6,"12":6,"13":6,"14":6,"15":6,"16":6,"17":5,"18":5,"19":5,"20":6,"21":6,"22":6,"23":6,"24":6,"25":6,"26":6,"27":6,"28":6,"29":6,"30":6,"31":6,"32":6,"33":6,"34":6,"35":6,"36":6,"37":6,"38":6,"39":6,"40":6,"41":6,"42":0,"43":0,"44":0,"45":0,"46":0,"47":0,"48":0,"49":0,"50":0,"51":0,"52":0,"53":26,"54":26,"55":26,"56":0,"57":26,"58":2,"59":24,"60":6,"61":18,"62":0,"63":18,"64":7,"65":11,"66":5,"67":6,"68":0,"69":6,"70":6,"71":0,"72":0,"73":0,"74":0,"75":0,"76":0,"77":6,"78":6,"79":6,"80":6,"81":6,"82":6,"83":6,"84":0,"85":6,"86":6,"87":6,"88":6,"89":30,"90":30,"91":30,"92":6,"93":6,"94":0,"95":0,"96":1,"97":1,"98":1},"b":{"1":[1,0],"2":[6,0],"3":[6,0],"4":[6,0],"5":[6,0],"6":[5,1],"7":[5,0],"8":[5,0],"9":[6,0],"10":[6,0],"11":[6,0],"12":[0,0],"13":[0,0],"14":[26,0],"15":[0,26],"16":[2,24],"17":[6,18],"18":[0,18],"19":[7,11],"20":[5,6],"21":[0,6],"22":[0,0],"23":[6,0],"24":[6,0],"25":[6,0],"26":[30,0],"27":[6,0]},"f":{"1":18,"2":6,"3":6,"4":6,"5":6,"6":1,"7":1,"8":6,"9":6,"10":6,"11":6,"12":0,"13":0,"14":0,"15":26,"16":6,"17":0,"18":6,"19":30,"20":6,"21":0,"22":1},"fnMap":{"1":{"name":"quorumVotes","line":20,"loc":{"start":{"line":20,"column":4},"end":{"line":20,"column":88}}},"2":{"name":"proposalThreshold","line":23,"loc":{"start":{"line":23,"column":4},"end":{"line":23,"column":90}}},"3":{"name":"proposalMaxOperations","line":26,"loc":{"start":{"line":26,"column":4},"end":{"line":26,"column":77}}},"4":{"name":"votingDelay","line":29,"loc":{"start":{"line":29,"column":4},"end":{"line":29,"column":66}}},"5":{"name":"votingPeriod","line":32,"loc":{"start":{"line":32,"column":4},"end":{"line":32,"column":76}}},"6":{"name":"constructor","line":138,"loc":{"start":{"line":138,"column":4},"end":{"line":142,"column":4}}},"7":{"name":"init","line":144,"loc":{"start":{"line":144,"column":4},"end":{"line":147,"column":4}}},"8":{"name":"propose","line":149,"loc":{"start":{"line":149,"column":4},"end":{"line":187,"column":4}}},"9":{"name":"queue","line":189,"loc":{"start":{"line":189,"column":4},"end":{"line":198,"column":4}}},"10":{"name":"_queueOrRevert","line":200,"loc":{"start":{"line":200,"column":4},"end":{"line":203,"column":4}}},"11":{"name":"execute","line":205,"loc":{"start":{"line":205,"column":4},"end":{"line":213,"column":4}}},"12":{"name":"cancel","line":215,"loc":{"start":{"line":215,"column":4},"end":{"line":228,"column":4}}},"13":{"name":"getActions","line":230,"loc":{"start":{"line":230,"column":4},"end":{"line":233,"column":4}}},"14":{"name":"getReceipt","line":235,"loc":{"start":{"line":235,"column":4},"end":{"line":237,"column":4}}},"15":{"name":"state","line":239,"loc":{"start":{"line":239,"column":4},"end":{"line":259,"column":4}}},"16":{"name":"castVote","line":261,"loc":{"start":{"line":261,"column":4},"end":{"line":263,"column":4}}},"17":{"name":"castVoteBySig","line":265,"loc":{"start":{"line":265,"column":4},"end":{"line":272,"column":4}}},"18":{"name":"_castVote","line":274,"loc":{"start":{"line":274,"column":4},"end":{"line":292,"column":4}}},"19":{"name":"add256","line":294,"loc":{"start":{"line":294,"column":4},"end":{"line":298,"column":4}}},"20":{"name":"sub256","line":300,"loc":{"start":{"line":300,"column":4},"end":{"line":303,"column":4}}},"21":{"name":"getChainId","line":305,"loc":{"start":{"line":305,"column":4},"end":{"line":309,"column":4}}},"22":{"name":"GovernorMint","line":337,"loc":{"start":{"line":337,"column":4},"end":{"line":349,"column":4}}}},"statementMap":{"1":{"start":{"line":20,"column":56},"end":{"line":20,"column":86}},"2":{"start":{"line":23,"column":62},"end":{"line":23,"column":88}},"3":{"start":{"line":26,"column":66},"end":{"line":26,"column":75}},"4":{"start":{"line":29,"column":56},"end":{"line":29,"column":64}},"5":{"start":{"line":32,"column":57},"end":{"line":32,"column":74}},"6":{"start":{"line":139,"column":8},"end":{"line":139,"column":31}},"7":{"start":{"line":140,"column":8},"end":{"line":140,"column":28}},"8":{"start":{"line":141,"column":8},"end":{"line":141,"column":31}},"9":{"start":{"line":145,"column":8},"end":{"line":145,"column":92}},"10":{"start":{"line":146,"column":8},"end":{"line":146,"column":46}},"11":{"start":{"line":150,"column":8},"end":{"line":150,"column":159}},"12":{"start":{"line":151,"column":8},"end":{"line":151,"column":196}},"13":{"start":{"line":152,"column":8},"end":{"line":152,"column":83}},"14":{"start":{"line":153,"column":8},"end":{"line":153,"column":101}},"15":{"start":{"line":155,"column":8},"end":{"line":155,"column":61}},"16":{"start":{"line":156,"column":8},"end":{"line":156,"column":6087}},"17":{"start":{"line":157,"column":12},"end":{"line":157,"column":80}},"18":{"start":{"line":158,"column":12},"end":{"line":158,"column":164}},"19":{"start":{"line":159,"column":12},"end":{"line":159,"column":166}},"20":{"start":{"line":162,"column":8},"end":{"line":162,"column":61}},"21":{"start":{"line":163,"column":8},"end":{"line":163,"column":58}},"22":{"start":{"line":166,"column":8},"end":{"line":166,"column":6714}},"23":{"start":{"line":182,"column":8},"end":{"line":182,"column":46}},"24":{"start":{"line":183,"column":8},"end":{"line":183,"column":63}},"25":{"start":{"line":185,"column":8},"end":{"line":185,"column":131}},"26":{"start":{"line":186,"column":8},"end":{"line":186,"column":29}},"27":{"start":{"line":190,"column":8},"end":{"line":190,"column":132}},"28":{"start":{"line":191,"column":8},"end":{"line":191,"column":57}},"29":{"start":{"line":192,"column":8},"end":{"line":192,"column":60}},"30":{"start":{"line":193,"column":8},"end":{"line":193,"column":7729}},"31":{"start":{"line":194,"column":12},"end":{"line":194,"column":118}},"32":{"start":{"line":196,"column":8},"end":{"line":196,"column":25}},"33":{"start":{"line":197,"column":8},"end":{"line":197,"column":44}},"34":{"start":{"line":201,"column":8},"end":{"line":201,"column":176}},"35":{"start":{"line":202,"column":8},"end":{"line":202,"column":69}},"36":{"start":{"line":206,"column":8},"end":{"line":206,"column":130}},"37":{"start":{"line":207,"column":8},"end":{"line":207,"column":57}},"38":{"start":{"line":208,"column":8},"end":{"line":208,"column":31}},"39":{"start":{"line":209,"column":8},"end":{"line":209,"column":8678}},"40":{"start":{"line":210,"column":12},"end":{"line":210,"column":166}},"41":{"start":{"line":212,"column":8},"end":{"line":212,"column":41}},"42":{"start":{"line":216,"column":8},"end":{"line":216,"column":54}},"43":{"start":{"line":217,"column":8},"end":{"line":217,"column":112}},"44":{"start":{"line":219,"column":8},"end":{"line":219,"column":57}},"45":{"start":{"line":220,"column":8},"end":{"line":220,"column":150}},"46":{"start":{"line":222,"column":8},"end":{"line":222,"column":31}},"47":{"start":{"line":223,"column":8},"end":{"line":223,"column":9447}},"48":{"start":{"line":224,"column":12},"end":{"line":224,"column":139}},"49":{"start":{"line":227,"column":8},"end":{"line":227,"column":41}},"50":{"start":{"line":231,"column":8},"end":{"line":231,"column":50}},"51":{"start":{"line":232,"column":8},"end":{"line":232,"column":63}},"52":{"start":{"line":236,"column":8},"end":{"line":236,"column":52}},"53":{"start":{"line":240,"column":8},"end":{"line":240,"column":106}},"54":{"start":{"line":241,"column":8},"end":{"line":241,"column":57}},"55":{"start":{"line":242,"column":8},"end":{"line":242,"column":10418}},"56":{"start":{"line":243,"column":12},"end":{"line":243,"column":41}},"57":{"start":{"line":244,"column":15},"end":{"line":244,"column":10503}},"58":{"start":{"line":245,"column":12},"end":{"line":245,"column":40}},"59":{"start":{"line":246,"column":15},"end":{"line":246,"column":10605}},"60":{"start":{"line":247,"column":12},"end":{"line":247,"column":39}},"61":{"start":{"line":248,"column":15},"end":{"line":248,"column":10704}},"62":{"start":{"line":249,"column":12},"end":{"line":249,"column":41}},"63":{"start":{"line":250,"column":15},"end":{"line":250,"column":10851}},"64":{"start":{"line":251,"column":12},"end":{"line":251,"column":42}},"65":{"start":{"line":252,"column":15},"end":{"line":252,"column":10937}},"66":{"start":{"line":253,"column":12},"end":{"line":253,"column":41}},"67":{"start":{"line":254,"column":15},"end":{"line":254,"column":11022}},"68":{"start":{"line":255,"column":12},"end":{"line":255,"column":40}},"69":{"start":{"line":257,"column":12},"end":{"line":257,"column":39}},"70":{"start":{"line":262,"column":8},"end":{"line":262,"column":57}},"71":{"start":{"line":266,"column":8},"end":{"line":266,"column":125}},"72":{"start":{"line":267,"column":8},"end":{"line":267,"column":88}},"73":{"start":{"line":268,"column":8},"end":{"line":268,"column":93}},"74":{"start":{"line":269,"column":8},"end":{"line":269,"column":54}},"75":{"start":{"line":270,"column":8},"end":{"line":270,"column":90}},"76":{"start":{"line":271,"column":8},"end":{"line":271,"column":56}},"77":{"start":{"line":275,"column":8},"end":{"line":275,"column":103}},"78":{"start":{"line":276,"column":8},"end":{"line":276,"column":57}},"79":{"start":{"line":277,"column":8},"end":{"line":277,"column":58}},"80":{"start":{"line":278,"column":8},"end":{"line":278,"column":90}},"81":{"start":{"line":279,"column":8},"end":{"line":279,"column":69}},"82":{"start":{"line":281,"column":8},"end":{"line":281,"column":12468}},"83":{"start":{"line":282,"column":12},"end":{"line":282,"column":63}},"84":{"start":{"line":284,"column":12},"end":{"line":284,"column":71}},"85":{"start":{"line":287,"column":8},"end":{"line":287,"column":30}},"86":{"start":{"line":288,"column":8},"end":{"line":288,"column":32}},"87":{"start":{"line":289,"column":8},"end":{"line":289,"column":28}},"88":{"start":{"line":291,"column":8},"end":{"line":291,"column":56}},"89":{"start":{"line":295,"column":8},"end":{"line":295,"column":22}},"90":{"start":{"line":296,"column":8},"end":{"line":296,"column":43}},"91":{"start":{"line":297,"column":8},"end":{"line":297,"column":16}},"92":{"start":{"line":301,"column":8},"end":{"line":301,"column":47}},"93":{"start":{"line":302,"column":8},"end":{"line":302,"column":20}},"94":{"start":{"line":306,"column":8},"end":{"line":306,"column":20}},"95":{"start":{"line":308,"column":8},"end":{"line":308,"column":22}},"96":{"start":{"line":342,"column":8},"end":{"line":342,"column":14633}},"97":{"start":{"line":347,"column":8},"end":{"line":347,"column":46}},"98":{"start":{"line":348,"column":8},"end":{"line":348,"column":35}}},"branchMap":{"1":{"line":145,"type":"if","locations":[{"start":{"line":145,"column":8},"end":{"line":145,"column":8}},{"start":{"line":145,"column":8},"end":{"line":145,"column":8}}]},"2":{"line":150,"type":"if","locations":[{"start":{"line":150,"column":8},"end":{"line":150,"column":8}},{"start":{"line":150,"column":8},"end":{"line":150,"column":8}}]},"3":{"line":151,"type":"if","locations":[{"start":{"line":151,"column":8},"end":{"line":151,"column":8}},{"start":{"line":151,"column":8},"end":{"line":151,"column":8}}]},"4":{"line":152,"type":"if","locations":[{"start":{"line":152,"column":8},"end":{"line":152,"column":8}},{"start":{"line":152,"column":8},"end":{"line":152,"column":8}}]},"5":{"line":153,"type":"if","locations":[{"start":{"line":153,"column":8},"end":{"line":153,"column":8}},{"start":{"line":153,"column":8},"end":{"line":153,"column":8}}]},"6":{"line":156,"type":"if","locations":[{"start":{"line":156,"column":8},"end":{"line":156,"column":8}},{"start":{"line":156,"column":8},"end":{"line":156,"column":8}}]},"7":{"line":158,"type":"if","locations":[{"start":{"line":158,"column":12},"end":{"line":158,"column":12}},{"start":{"line":158,"column":12},"end":{"line":158,"column":12}}]},"8":{"line":159,"type":"if","locations":[{"start":{"line":159,"column":12},"end":{"line":159,"column":12}},{"start":{"line":159,"column":12},"end":{"line":159,"column":12}}]},"9":{"line":190,"type":"if","locations":[{"start":{"line":190,"column":8},"end":{"line":190,"column":8}},{"start":{"line":190,"column":8},"end":{"line":190,"column":8}}]},"10":{"line":201,"type":"if","locations":[{"start":{"line":201,"column":8},"end":{"line":201,"column":8}},{"start":{"line":201,"column":8},"end":{"line":201,"column":8}}]},"11":{"line":206,"type":"if","locations":[{"start":{"line":206,"column":8},"end":{"line":206,"column":8}},{"start":{"line":206,"column":8},"end":{"line":206,"column":8}}]},"12":{"line":217,"type":"if","locations":[{"start":{"line":217,"column":8},"end":{"line":217,"column":8}},{"start":{"line":217,"column":8},"end":{"line":217,"column":8}}]},"13":{"line":220,"type":"if","locations":[{"start":{"line":220,"column":8},"end":{"line":220,"column":8}},{"start":{"line":220,"column":8},"end":{"line":220,"column":8}}]},"14":{"line":240,"type":"if","locations":[{"start":{"line":240,"column":8},"end":{"line":240,"column":8}},{"start":{"line":240,"column":8},"end":{"line":240,"column":8}}]},"15":{"line":242,"type":"if","locations":[{"start":{"line":242,"column":8},"end":{"line":242,"column":8}},{"start":{"line":242,"column":8},"end":{"line":242,"column":8}}]},"16":{"line":244,"type":"if","locations":[{"start":{"line":244,"column":15},"end":{"line":244,"column":15}},{"start":{"line":244,"column":15},"end":{"line":244,"column":15}}]},"17":{"line":246,"type":"if","locations":[{"start":{"line":246,"column":15},"end":{"line":246,"column":15}},{"start":{"line":246,"column":15},"end":{"line":246,"column":15}}]},"18":{"line":248,"type":"if","locations":[{"start":{"line":248,"column":15},"end":{"line":248,"column":15}},{"start":{"line":248,"column":15},"end":{"line":248,"column":15}}]},"19":{"line":250,"type":"if","locations":[{"start":{"line":250,"column":15},"end":{"line":250,"column":15}},{"start":{"line":250,"column":15},"end":{"line":250,"column":15}}]},"20":{"line":252,"type":"if","locations":[{"start":{"line":252,"column":15},"end":{"line":252,"column":15}},{"start":{"line":252,"column":15},"end":{"line":252,"column":15}}]},"21":{"line":254,"type":"if","locations":[{"start":{"line":254,"column":15},"end":{"line":254,"column":15}},{"start":{"line":254,"column":15},"end":{"line":254,"column":15}}]},"22":{"line":270,"type":"if","locations":[{"start":{"line":270,"column":8},"end":{"line":270,"column":8}},{"start":{"line":270,"column":8},"end":{"line":270,"column":8}}]},"23":{"line":275,"type":"if","locations":[{"start":{"line":275,"column":8},"end":{"line":275,"column":8}},{"start":{"line":275,"column":8},"end":{"line":275,"column":8}}]},"24":{"line":278,"type":"if","locations":[{"start":{"line":278,"column":8},"end":{"line":278,"column":8}},{"start":{"line":278,"column":8},"end":{"line":278,"column":8}}]},"25":{"line":281,"type":"if","locations":[{"start":{"line":281,"column":8},"end":{"line":281,"column":8}},{"start":{"line":281,"column":8},"end":{"line":281,"column":8}}]},"26":{"line":296,"type":"if","locations":[{"start":{"line":296,"column":8},"end":{"line":296,"column":8}},{"start":{"line":296,"column":8},"end":{"line":296,"column":8}}]},"27":{"line":301,"type":"if","locations":[{"start":{"line":301,"column":8},"end":{"line":301,"column":8}},{"start":{"line":301,"column":8},"end":{"line":301,"column":8}}]}}},"contracts\\AlchemyRouter.sol":{"l":{"23":3,"24":3,"25":3,"26":3,"36":0,"37":0,"38":0,"39":0,"41":0,"49":2,"51":2,"52":0,"61":0,"63":0,"64":0,"73":0,"75":0,"76":0,"81":0,"82":0,"86":0,"87":0,"91":0,"92":0,"96":0,"97":0,"101":0,"102":0},"path":"C:\\Git\\alchemy_contracts\\contracts\\AlchemyRouter.sol","s":{"1":3,"2":3,"3":3,"4":3,"5":0,"6":0,"7":0,"8":0,"9":0,"10":2,"11":2,"12":0,"13":0,"14":0,"15":0,"16":0,"17":0,"18":0,"19":0,"20":0,"21":0,"22":0,"23":0,"24":0,"25":0},"b":{"1":[0,2],"2":[0,0],"3":[0,0],"4":[0,0],"5":[0,0],"6":[0,0],"7":[0,0],"8":[0,0]},"f":{"1":3,"2":0,"3":2,"4":0,"5":0,"6":0,"7":0,"8":0,"9":0},"fnMap":{"1":{"name":"constructor","line":22,"loc":{"start":{"line":22,"column":4},"end":{"line":27,"column":4}}},"2":{"name":"distribute","line":35,"loc":{"start":{"line":35,"column":4},"end":{"line":42,"column":4}}},"3":{"name":"deposit","line":48,"loc":{"start":{"line":48,"column":4},"end":{"line":54,"column":4}}},"4":{"name":null,"line":60,"loc":{"start":{"line":60,"column":4},"end":{"line":66,"column":4}}},"5":{"name":"newStakingrewards","line":80,"loc":{"start":{"line":80,"column":4},"end":{"line":83,"column":4}}},"6":{"name":"newTreasury","line":85,"loc":{"start":{"line":85,"column":4},"end":{"line":88,"column":4}}},"7":{"name":"newAlchemyFactory","line":90,"loc":{"start":{"line":90,"column":4},"end":{"line":93,"column":4}}},"8":{"name":"newAlchemyFactoryOwner","line":95,"loc":{"start":{"line":95,"column":4},"end":{"line":98,"column":4}}},"9":{"name":"setNewOwner","line":100,"loc":{"start":{"line":100,"column":4},"end":{"line":103,"column":4}}}},"statementMap":{"1":{"start":{"line":23,"column":8},"end":{"line":23,"column":39}},"2":{"start":{"line":24,"column":8},"end":{"line":24,"column":27}},"3":{"start":{"line":25,"column":8},"end":{"line":25,"column":39}},"4":{"start":{"line":26,"column":8},"end":{"line":26,"column":25}},"5":{"start":{"line":36,"column":8},"end":{"line":36,"column":46}},"6":{"start":{"line":37,"column":8},"end":{"line":37,"column":36}},"7":{"start":{"line":38,"column":8},"end":{"line":38,"column":60}},"8":{"start":{"line":39,"column":8},"end":{"line":39,"column":52}},"9":{"start":{"line":41,"column":8},"end":{"line":41,"column":71}},"10":{"start":{"line":49,"column":8},"end":{"line":49,"column":47}},"11":{"start":{"line":51,"column":8},"end":{"line":51,"column":1676}},"12":{"start":{"line":52,"column":12},"end":{"line":52,"column":23}},"13":{"start":{"line":61,"column":8},"end":{"line":61,"column":47}},"14":{"start":{"line":63,"column":8},"end":{"line":63,"column":2007}},"15":{"start":{"line":64,"column":12},"end":{"line":64,"column":23}},"16":{"start":{"line":81,"column":8},"end":{"line":81,"column":49}},"17":{"start":{"line":82,"column":8},"end":{"line":82,"column":34}},"18":{"start":{"line":86,"column":8},"end":{"line":86,"column":49}},"19":{"start":{"line":87,"column":8},"end":{"line":87,"column":30}},"20":{"start":{"line":91,"column":8},"end":{"line":91,"column":49}},"21":{"start":{"line":92,"column":8},"end":{"line":92,"column":41}},"22":{"start":{"line":96,"column":8},"end":{"line":96,"column":49}},"23":{"start":{"line":97,"column":8},"end":{"line":97,"column":71}},"24":{"start":{"line":101,"column":8},"end":{"line":101,"column":49}},"25":{"start":{"line":102,"column":8},"end":{"line":102,"column":23}}},"branchMap":{"1":{"line":51,"type":"if","locations":[{"start":{"line":51,"column":8},"end":{"line":51,"column":8}},{"start":{"line":51,"column":8},"end":{"line":51,"column":8}}]},"2":{"line":63,"type":"if","locations":[{"start":{"line":63,"column":8},"end":{"line":63,"column":8}},{"start":{"line":63,"column":8},"end":{"line":63,"column":8}}]},"3":{"line":75,"type":"if","locations":[{"start":{"line":75,"column":8},"end":{"line":75,"column":8}},{"start":{"line":75,"column":8},"end":{"line":75,"column":8}}]},"4":{"line":81,"type":"if","locations":[{"start":{"line":81,"column":8},"end":{"line":81,"column":8}},{"start":{"line":81,"column":8},"end":{"line":81,"column":8}}]},"5":{"line":86,"type":"if","locations":[{"start":{"line":86,"column":8},"end":{"line":86,"column":8}},{"start":{"line":86,"column":8},"end":{"line":86,"column":8}}]},"6":{"line":91,"type":"if","locations":[{"start":{"line":91,"column":8},"end":{"line":91,"column":8}},{"start":{"line":91,"column":8},"end":{"line":91,"column":8}}]},"7":{"line":96,"type":"if","locations":[{"start":{"line":96,"column":8},"end":{"line":96,"column":8}},{"start":{"line":96,"column":8},"end":{"line":96,"column":8}}]},"8":{"line":101,"type":"if","locations":[{"start":{"line":101,"column":8},"end":{"line":101,"column":8}},{"start":{"line":101,"column":8},"end":{"line":101,"column":8}}]}}},"contracts\\AlchemyTimeLock.sol":{"l":{"30":12,"31":12,"33":12,"45":0,"46":0,"48":0,"60":0,"72":0,"73":0,"75":0,"90":0,"91":0,"94":0,"95":0,"97":0,"112":0,"113":0,"116":0,"117":0,"119":0,"134":0,"150":0,"151":0,"154":0,"169":0,"184":0,"185":0,"215":1,"216":1,"218":1,"219":1,"230":0,"231":0,"232":0,"233":0,"235":0,"239":0,"240":0,"241":0,"243":0,"247":0,"248":0,"250":0,"254":6,"255":6,"257":6,"258":6,"260":6,"261":6,"265":0,"267":0,"268":0,"270":0,"274":6,"276":6,"277":6,"278":6,"279":6,"281":6,"283":6,"285":6,"286":0,"288":6,"292":6,"293":6,"295":6,"297":6,"302":18,"322":1,"326":1,"327":1},"path":"C:\\Git\\alchemy_contracts\\contracts\\AlchemyTimeLock.sol","s":{"1":12,"2":12,"3":12,"4":0,"5":0,"6":0,"7":0,"8":0,"9":0,"10":0,"11":0,"12":0,"13":0,"14":0,"15":0,"16":0,"17":0,"18":0,"19":0,"20":0,"21":0,"22":0,"23":0,"24":0,"25":0,"26":0,"27":0,"28":1,"29":1,"30":1,"31":1,"32":0,"33":0,"34":0,"35":0,"36":0,"37":0,"38":0,"39":0,"40":0,"41":0,"42":0,"43":0,"44":6,"45":6,"46":6,"47":6,"48":6,"49":6,"50":0,"51":0,"52":0,"53":0,"54":6,"55":6,"56":6,"57":6,"58":6,"59":6,"60":6,"61":6,"62":0,"63":6,"64":6,"65":6,"66":6,"67":6,"68":18,"69":1,"70":1,"71":1},"b":{"1":[12,0],"2":[0,0],"3":[0,0],"4":[0,0],"5":[0,0],"6":[0,0],"7":[0,0],"8":[0,0],"9":[0,0],"10":[1,0],"11":[1,0],"12":[0,0],"13":[0,0],"14":[0,0],"15":[0,0],"16":[0,0],"17":[6,0],"18":[6,0],"19":[0,0],"20":[6,0],"21":[6,0],"22":[6,0],"23":[6,0],"24":[0,6],"25":[6,0]},"f":{"1":12,"2":0,"3":0,"4":0,"5":0,"6":0,"7":0,"8":0,"9":0,"10":0,"11":1,"12":0,"13":0,"14":0,"15":0,"16":6,"17":0,"18":6,"19":18,"20":1},"fnMap":{"1":{"name":"add","line":29,"loc":{"start":{"line":29,"column":4},"end":{"line":34,"column":4}}},"2":{"name":"add","line":44,"loc":{"start":{"line":44,"column":4},"end":{"line":49,"column":4}}},"3":{"name":"sub","line":59,"loc":{"start":{"line":59,"column":4},"end":{"line":61,"column":4}}},"4":{"name":"sub","line":71,"loc":{"start":{"line":71,"column":4},"end":{"line":76,"column":4}}},"5":{"name":"mul","line":86,"loc":{"start":{"line":86,"column":4},"end":{"line":98,"column":4}}},"6":{"name":"mul","line":108,"loc":{"start":{"line":108,"column":4},"end":{"line":120,"column":4}}},"7":{"name":"div","line":133,"loc":{"start":{"line":133,"column":4},"end":{"line":135,"column":4}}},"8":{"name":"div","line":148,"loc":{"start":{"line":148,"column":4},"end":{"line":155,"column":4}}},"9":{"name":"mod","line":168,"loc":{"start":{"line":168,"column":4},"end":{"line":170,"column":4}}},"10":{"name":"mod","line":183,"loc":{"start":{"line":183,"column":4},"end":{"line":186,"column":4}}},"11":{"name":"constructor","line":214,"loc":{"start":{"line":214,"column":4},"end":{"line":220,"column":4}}},"12":{"name":null,"line":225,"loc":{"start":{"line":225,"column":4},"end":{"line":225,"column":33}}},"13":{"name":"setDelay","line":229,"loc":{"start":{"line":229,"column":4},"end":{"line":236,"column":4}}},"14":{"name":"acceptAdmin","line":238,"loc":{"start":{"line":238,"column":4},"end":{"line":244,"column":4}}},"15":{"name":"setPendingAdmin","line":246,"loc":{"start":{"line":246,"column":4},"end":{"line":251,"column":4}}},"16":{"name":"queueTransaction","line":253,"loc":{"start":{"line":253,"column":4},"end":{"line":262,"column":4}}},"17":{"name":"cancelTransaction","line":264,"loc":{"start":{"line":264,"column":4},"end":{"line":271,"column":4}}},"18":{"name":"executeTransaction","line":273,"loc":{"start":{"line":273,"column":4},"end":{"line":298,"column":4}}},"19":{"name":"getBlockTimestamp","line":300,"loc":{"start":{"line":300,"column":4},"end":{"line":303,"column":4}}},"20":{"name":"TimelockMint","line":318,"loc":{"start":{"line":318,"column":4},"end":{"line":328,"column":4}}}},"statementMap":{"1":{"start":{"line":30,"column":8},"end":{"line":30,"column":25}},"2":{"start":{"line":31,"column":8},"end":{"line":31,"column":53}},"3":{"start":{"line":33,"column":8},"end":{"line":33,"column":16}},"4":{"start":{"line":45,"column":8},"end":{"line":45,"column":25}},"5":{"start":{"line":46,"column":8},"end":{"line":46,"column":36}},"6":{"start":{"line":48,"column":8},"end":{"line":48,"column":16}},"7":{"start":{"line":60,"column":8},"end":{"line":60,"column":59}},"8":{"start":{"line":72,"column":8},"end":{"line":72,"column":36}},"9":{"start":{"line":73,"column":8},"end":{"line":73,"column":25}},"10":{"start":{"line":75,"column":8},"end":{"line":75,"column":16}},"11":{"start":{"line":90,"column":8},"end":{"line":90,"column":3080}},"12":{"start":{"line":91,"column":12},"end":{"line":91,"column":20}},"13":{"start":{"line":94,"column":8},"end":{"line":94,"column":25}},"14":{"start":{"line":95,"column":8},"end":{"line":95,"column":63}},"15":{"start":{"line":97,"column":8},"end":{"line":97,"column":16}},"16":{"start":{"line":112,"column":8},"end":{"line":112,"column":3822}},"17":{"start":{"line":113,"column":12},"end":{"line":113,"column":20}},"18":{"start":{"line":116,"column":8},"end":{"line":116,"column":25}},"19":{"start":{"line":117,"column":8},"end":{"line":117,"column":40}},"20":{"start":{"line":119,"column":8},"end":{"line":119,"column":16}},"21":{"start":{"line":134,"column":8},"end":{"line":134,"column":54}},"22":{"start":{"line":150,"column":8},"end":{"line":150,"column":35}},"23":{"start":{"line":151,"column":8},"end":{"line":151,"column":25}},"24":{"start":{"line":154,"column":8},"end":{"line":154,"column":16}},"25":{"start":{"line":169,"column":8},"end":{"line":169,"column":52}},"26":{"start":{"line":184,"column":8},"end":{"line":184,"column":36}},"27":{"start":{"line":185,"column":8},"end":{"line":185,"column":20}},"28":{"start":{"line":215,"column":8},"end":{"line":215,"column":98}},"29":{"start":{"line":216,"column":8},"end":{"line":216,"column":99}},"30":{"start":{"line":218,"column":8},"end":{"line":218,"column":21}},"31":{"start":{"line":219,"column":8},"end":{"line":219,"column":21}},"32":{"start":{"line":230,"column":8},"end":{"line":230,"column":96}},"33":{"start":{"line":231,"column":8},"end":{"line":231,"column":95}},"34":{"start":{"line":232,"column":8},"end":{"line":232,"column":99}},"35":{"start":{"line":233,"column":8},"end":{"line":233,"column":21}},"36":{"start":{"line":235,"column":8},"end":{"line":235,"column":28}},"37":{"start":{"line":239,"column":8},"end":{"line":239,"column":102}},"38":{"start":{"line":240,"column":8},"end":{"line":240,"column":25}},"39":{"start":{"line":241,"column":8},"end":{"line":241,"column":32}},"40":{"start":{"line":243,"column":8},"end":{"line":243,"column":28}},"41":{"start":{"line":247,"column":8},"end":{"line":247,"column":103}},"42":{"start":{"line":248,"column":8},"end":{"line":248,"column":35}},"43":{"start":{"line":250,"column":8},"end":{"line":250,"column":42}},"44":{"start":{"line":254,"column":8},"end":{"line":254,"column":93}},"45":{"start":{"line":255,"column":8},"end":{"line":255,"column":130}},"46":{"start":{"line":257,"column":8},"end":{"line":257,"column":83}},"47":{"start":{"line":258,"column":8},"end":{"line":258,"column":40}},"48":{"start":{"line":260,"column":8},"end":{"line":260,"column":74}},"49":{"start":{"line":261,"column":8},"end":{"line":261,"column":21}},"50":{"start":{"line":265,"column":8},"end":{"line":265,"column":94}},"51":{"start":{"line":267,"column":8},"end":{"line":267,"column":83}},"52":{"start":{"line":268,"column":8},"end":{"line":268,"column":41}},"53":{"start":{"line":270,"column":8},"end":{"line":270,"column":75}},"54":{"start":{"line":274,"column":8},"end":{"line":274,"column":95}},"55":{"start":{"line":276,"column":8},"end":{"line":276,"column":83}},"56":{"start":{"line":277,"column":8},"end":{"line":277,"column":107}},"57":{"start":{"line":278,"column":8},"end":{"line":278,"column":115}},"58":{"start":{"line":279,"column":8},"end":{"line":279,"column":115}},"59":{"start":{"line":281,"column":8},"end":{"line":281,"column":41}},"60":{"start":{"line":283,"column":8},"end":{"line":283,"column":29}},"61":{"start":{"line":285,"column":8},"end":{"line":285,"column":10859}},"62":{"start":{"line":286,"column":12},"end":{"line":286,"column":26}},"63":{"start":{"line":288,"column":12},"end":{"line":288,"column":81}},"64":{"start":{"line":292,"column":8},"end":{"line":292,"column":84}},"65":{"start":{"line":293,"column":8},"end":{"line":293,"column":88}},"66":{"start":{"line":295,"column":8},"end":{"line":295,"column":76}},"67":{"start":{"line":297,"column":8},"end":{"line":297,"column":25}},"68":{"start":{"line":302,"column":8},"end":{"line":302,"column":30}},"69":{"start":{"line":322,"column":8},"end":{"line":322,"column":12066}},"70":{"start":{"line":326,"column":8},"end":{"line":326,"column":46}},"71":{"start":{"line":327,"column":8},"end":{"line":327,"column":35}}},"branchMap":{"1":{"line":31,"type":"if","locations":[{"start":{"line":31,"column":8},"end":{"line":31,"column":8}},{"start":{"line":31,"column":8},"end":{"line":31,"column":8}}]},"2":{"line":46,"type":"if","locations":[{"start":{"line":46,"column":8},"end":{"line":46,"column":8}},{"start":{"line":46,"column":8},"end":{"line":46,"column":8}}]},"3":{"line":72,"type":"if","locations":[{"start":{"line":72,"column":8},"end":{"line":72,"column":8}},{"start":{"line":72,"column":8},"end":{"line":72,"column":8}}]},"4":{"line":90,"type":"if","locations":[{"start":{"line":90,"column":8},"end":{"line":90,"column":8}},{"start":{"line":90,"column":8},"end":{"line":90,"column":8}}]},"5":{"line":95,"type":"if","locations":[{"start":{"line":95,"column":8},"end":{"line":95,"column":8}},{"start":{"line":95,"column":8},"end":{"line":95,"column":8}}]},"6":{"line":112,"type":"if","locations":[{"start":{"line":112,"column":8},"end":{"line":112,"column":8}},{"start":{"line":112,"column":8},"end":{"line":112,"column":8}}]},"7":{"line":117,"type":"if","locations":[{"start":{"line":117,"column":8},"end":{"line":117,"column":8}},{"start":{"line":117,"column":8},"end":{"line":117,"column":8}}]},"8":{"line":150,"type":"if","locations":[{"start":{"line":150,"column":8},"end":{"line":150,"column":8}},{"start":{"line":150,"column":8},"end":{"line":150,"column":8}}]},"9":{"line":184,"type":"if","locations":[{"start":{"line":184,"column":8},"end":{"line":184,"column":8}},{"start":{"line":184,"column":8},"end":{"line":184,"column":8}}]},"10":{"line":215,"type":"if","locations":[{"start":{"line":215,"column":8},"end":{"line":215,"column":8}},{"start":{"line":215,"column":8},"end":{"line":215,"column":8}}]},"11":{"line":216,"type":"if","locations":[{"start":{"line":216,"column":8},"end":{"line":216,"column":8}},{"start":{"line":216,"column":8},"end":{"line":216,"column":8}}]},"12":{"line":230,"type":"if","locations":[{"start":{"line":230,"column":8},"end":{"line":230,"column":8}},{"start":{"line":230,"column":8},"end":{"line":230,"column":8}}]},"13":{"line":231,"type":"if","locations":[{"start":{"line":231,"column":8},"end":{"line":231,"column":8}},{"start":{"line":231,"column":8},"end":{"line":231,"column":8}}]},"14":{"line":232,"type":"if","locations":[{"start":{"line":232,"column":8},"end":{"line":232,"column":8}},{"start":{"line":232,"column":8},"end":{"line":232,"column":8}}]},"15":{"line":239,"type":"if","locations":[{"start":{"line":239,"column":8},"end":{"line":239,"column":8}},{"start":{"line":239,"column":8},"end":{"line":239,"column":8}}]},"16":{"line":247,"type":"if","locations":[{"start":{"line":247,"column":8},"end":{"line":247,"column":8}},{"start":{"line":247,"column":8},"end":{"line":247,"column":8}}]},"17":{"line":254,"type":"if","locations":[{"start":{"line":254,"column":8},"end":{"line":254,"column":8}},{"start":{"line":254,"column":8},"end":{"line":254,"column":8}}]},"18":{"line":255,"type":"if","locations":[{"start":{"line":255,"column":8},"end":{"line":255,"column":8}},{"start":{"line":255,"column":8},"end":{"line":255,"column":8}}]},"19":{"line":265,"type":"if","locations":[{"start":{"line":265,"column":8},"end":{"line":265,"column":8}},{"start":{"line":265,"column":8},"end":{"line":265,"column":8}}]},"20":{"line":274,"type":"if","locations":[{"start":{"line":274,"column":8},"end":{"line":274,"column":8}},{"start":{"line":274,"column":8},"end":{"line":274,"column":8}}]},"21":{"line":277,"type":"if","locations":[{"start":{"line":277,"column":8},"end":{"line":277,"column":8}},{"start":{"line":277,"column":8},"end":{"line":277,"column":8}}]},"22":{"line":278,"type":"if","locations":[{"start":{"line":278,"column":8},"end":{"line":278,"column":8}},{"start":{"line":278,"column":8},"end":{"line":278,"column":8}}]},"23":{"line":279,"type":"if","locations":[{"start":{"line":279,"column":8},"end":{"line":279,"column":8}},{"start":{"line":279,"column":8},"end":{"line":279,"column":8}}]},"24":{"line":285,"type":"if","locations":[{"start":{"line":285,"column":8},"end":{"line":285,"column":8}},{"start":{"line":285,"column":8},"end":{"line":285,"column":8}}]},"25":{"line":293,"type":"if","locations":[{"start":{"line":293,"column":8},"end":{"line":293,"column":8}},{"start":{"line":293,"column":8},"end":{"line":293,"column":8}}]}}},"contracts\\interfaces\\IAlchemyFactory.sol":{"l":{},"path":"C:\\Git\\alchemy_contracts\\contracts\\interfaces\\IAlchemyFactory.sol","s":{},"b":{},"f":{},"fnMap":{},"statementMap":{},"branchMap":{}},"contracts\\interfaces\\IStakingRewards.sol":{"l":{},"path":"C:\\Git\\alchemy_contracts\\contracts\\interfaces\\IStakingRewards.sol","s":{},"b":{},"f":{},"fnMap":{},"statementMap":{},"branchMap":{}},"contracts\\min_minty.sol":{"l":{"135":0,"136":0,"139":0,"140":0,"141":0,"151":0,"158":8,"159":8,"166":19,"167":19,"168":19,"184":0,"192":0,"195":0,"221":3,"228":0,"235":12,"236":12,"281":3,"290":0,"291":0,"300":15,"301":15,"302":15,"314":2,"315":2,"316":2,"318":2,"319":2,"329":1,"330":1,"340":0,"341":0,"342":0,"356":0,"372":4,"373":4,"375":4,"376":4,"377":4,"379":4,"400":0,"421":0,"423":0,"432":16,"433":16,"448":4,"452":4,"464":15,"466":15,"467":15,"476":0,"477":0,"478":0,"489":19,"490":19,"491":19,"503":4,"504":4,"505":4,"523":0,"524":0,"526":0,"532":0,"542":4,"543":4,"544":2,"576":3,"590":0,"591":0,"599":0,"609":0,"610":0,"621":19,"622":19,"623":19,"624":19,"636":4,"640":4,"641":4,"642":4,"644":4,"646":4,"652":4,"653":4,"663":15,"665":15,"666":15,"676":0,"679":0,"680":0,"681":0,"683":0,"684":0,"686":0,"687":0,"688":0,"727":3,"728":3,"731":3,"739":0,"747":0,"756":0,"757":0,"767":15,"768":15,"778":0,"781":0,"782":0,"804":0,"805":0,"806":0,"828":3,"829":3,"830":3,"831":3,"832":3,"833":3,"834":3,"835":3,"836":3,"837":3,"838":3},"path":"C:\\Git\\alchemy_contracts\\contracts\\min_minty.sol","s":{"1":0,"2":0,"3":0,"4":0,"5":0,"6":0,"7":8,"8":8,"9":19,"10":19,"11":19,"12":0,"13":0,"14":3,"15":0,"16":12,"17":12,"18":3,"19":0,"20":0,"21":15,"22":15,"23":15,"24":2,"25":2,"26":2,"27":2,"28":2,"29":1,"30":1,"31":0,"32":0,"33":0,"34":0,"35":4,"36":4,"37":4,"38":4,"39":4,"40":4,"41":0,"42":0,"43":0,"44":16,"45":16,"46":4,"47":4,"48":15,"49":15,"50":15,"51":0,"52":0,"53":0,"54":19,"55":19,"56":19,"57":4,"58":4,"59":4,"60":0,"61":0,"62":0,"63":0,"64":4,"65":4,"66":2,"67":3,"68":0,"69":0,"70":0,"71":0,"72":0,"73":19,"74":19,"75":19,"76":19,"77":4,"78":4,"79":4,"80":4,"81":4,"82":4,"83":4,"84":15,"85":15,"86":15,"87":0,"88":0,"89":0,"90":0,"91":0,"92":0,"93":0,"94":0,"95":3,"96":3,"97":3,"98":0,"99":0,"100":0,"101":0,"102":15,"103":15,"104":0,"105":0,"106":0,"107":0,"108":0,"109":3,"110":3,"111":3,"112":3,"113":3,"114":3,"115":3,"116":3,"117":3,"118":3,"119":3},"b":{"1":[0,0],"2":[12,0],"3":[0,0],"4":[15,0],"5":[2,0],"6":[2,0],"7":[1,0],"8":[0,0],"9":[4,0],"10":[4,0],"11":[0,0],"12":[15,0],"13":[19
[...]
"column":8},"end":{"line":590,"column":40}},"69":{"start":{"line":591,"column":8},"end":{"line":591,"column":41}},"70":{"start":{"line":599,"column":8},"end":{"line":599,"column":32}},"71":{"start":{"line":609,"column":8},"end":{"line":609,"column":37}},"72":{"start":{"line":610,"column":8},"end":{"line":610,"column":32}},"73":{"start":{"line":621,"column":8},"end":{"line":621,"column":37}},"74":{"start":{"line":622,"column":8},"end":{"line":622,"column":48}},"75":{"start":{"line":623,"column":8},"end":{"line":623,"column":37}},"76":{"start":{"line":624,"column":8},"end":{"line":624,"column":42}},"77":{"start":{"line":636,"column":8},"end":{"line":636,"column":44}},"78":{"start":{"line":640,"column":8},"end":{"line":640,"column":55}},"79":{"start":{"line":641,"column":8},"end":{"line":641,"column":65}},"80":{"start":{"line":642,"column":8},"end":{"line":642,"column":62}},"81":{"start":{"line":644,"column":8},"end":{"line":644,"column":49}},"82":{"start":{"line":652,"column":8},"end":{"line":652,"column":37}},"83":{"start":{"line":653,"column":8},"end":{"line":653,"column":48}},"84":{"start":{"line":663,"column":8},"end":{"line":663,"column":31}},"85":{"start":{"line":665,"column":8},"end":{"line":665,"column":51}},"86":{"start":{"line":666,"column":8},"end":{"line":666,"column":31}},"87":{"start":{"line":676,"column":8},"end":{"line":676,"column":34}},"88":{"start":{"line":679,"column":8},"end":{"line":679,"column":53}},"89":{"start":{"line":680,"column":8},"end":{"line":680,"column":57}},"90":{"start":{"line":681,"column":8},"end":{"line":681,"column":54}},"91":{"start":{"line":683,"column":8},"end":{"line":683,"column":41}},"92":{"start":{"line":684,"column":8},"end":{"line":684,"column":37}},"93":{"start":{"line":687,"column":8},"end":{"line":687,"column":35}},"94":{"start":{"line":688,"column":8},"end":{"line":688,"column":46}},"95":{"start":{"line":727,"column":8},"end":{"line":727,"column":19}},"96":{"start":{"line":728,"column":8},"end":{"line":728,"column":23}},"97":{"start":{"line":731,"column":8},"end":{"line":731,"column":53}},"98":{"start":{"line":739,"column":8},"end":{"line":739,"column":20}},"99":{"start":{"line":747,"column":8},"end":{"line":747,"column":22}},"100":{"start":{"line":756,"column":8},"end":{"line":756,"column":32}},"101":{"start":{"line":757,"column":8},"end":{"line":757,"column":34}},"102":{"start":{"line":767,"column":8},"end":{"line":767,"column":32}},"103":{"start":{"line":768,"column":8},"end":{"line":768,"column":32}},"104":{"start":{"line":778,"column":8},"end":{"line":778,"column":34}},"105":{"start":{"line":781,"column":8},"end":{"line":781,"column":28666}},"106":{"start":{"line":804,"column":8},"end":{"line":804,"column":25}},"107":{"start":{"line":805,"column":8},"end":{"line":805,"column":38}},"108":{"start":{"line":806,"column":8},"end":{"line":806,"column":19}},"109":{"start":{"line":828,"column":8},"end":{"line":828,"column":16}},"110":{"start":{"line":829,"column":8},"end":{"line":829,"column":22}},"111":{"start":{"line":830,"column":8},"end":{"line":830,"column":22}},"112":{"start":{"line":831,"column":8},"end":{"line":831,"column":22}},"113":{"start":{"line":832,"column":8},"end":{"line":832,"column":22}},"114":{"start":{"line":833,"column":8},"end":{"line":833,"column":22}},"115":{"start":{"line":834,"column":8},"end":{"line":834,"column":27}},"116":{"start":{"line":835,"column":8},"end":{"line":835,"column":27}},"117":{"start":{"line":836,"column":8},"end":{"line":836,"column":27}},"118":{"start":{"line":837,"column":8},"end":{"line":837,"column":27}},"119":{"start":{"line":838,"column":8},"end":{"line":838,"column":27}}},"branchMap":{"1":{"line":135,"type":"if","locations":[{"start":{"line":135,"column":8},"end":{"line":135,"column":8}},{"start":{"line":135,"column":8},"end":{"line":135,"column":8}}]},"2":{"line":235,"type":"if","locations":[{"start":{"line":235,"column":8},"end":{"line":235,"column":8}},{"start":{"line":235,"column":8},"end":{"line":235,"column":8}}]},"3":{"line":290,"type":"if","locations":[{"start":{"line":290,"column":8},"end":{"line":290,"column":8}},{"start":{"line":290,"column":8},"end":{"line":290,"column":8}}]},"4":{"line":301,"type":"if","locations":[{"start":{"line":301,"column":8},"end":{"line":301,"column":8}},{"start":{"line":301,"column":8},"end":{"line":301,"column":8}}]},"5":{"line":315,"type":"if","locations":[{"start":{"line":315,"column":8},"end":{"line":315,"column":8}},{"start":{"line":315,"column":8},"end":{"line":315,"column":8}}]},"6":{"line":316,"type":"if","locations":[{"start":{"line":316,"column":8},"end":{"line":316,"column":8}},{"start":{"line":316,"column":8},"end":{"line":316,"column":8}}]},"7":{"line":329,"type":"if","locations":[{"start":{"line":329,"column":8},"end":{"line":329,"column":8}},{"start":{"line":329,"column":8},"end":{"line":329,"column":8}}]},"8":{"line":340,"type":"if","locations":[{"start":{"line":340,"column":8},"end":{"line":340,"column":8}},{"start":{"line":340,"column":8},"end":{"line":340,"column":8}}]},"9":{"line":372,"type":"if","locations":[{"start":{"line":372,"column":8},"end":{"line":372,"column":8}},{"start":{"line":372,"column":8},"end":{"line":372,"column":8}}]},"10":{"line":373,"type":"if","locations":[{"start":{"line":373,"column":8},"end":{"line":373,"column":8}},{"start":{"line":373,"column":8},"end":{"line":373,"column":8}}]},"11":{"line":423,"type":"if","locations":[{"start":{"line":423,"column":8},"end":{"line":423,"column":8}},{"start":{"line":423,"column":8},"end":{"line":423,"column":8}}]},"12":{"line":464,"type":"if","locations":[{"start":{"line":464,"column":8},"end":{"line":464,"column":8}},{"start":{"line":464,"column":8},"end":{"line":464,"column":8}}]},"13":{"line":489,"type":"if","locations":[{"start":{"line":489,"column":8},"end":{"line":489,"column":8}},{"start":{"line":489,"column":8},"end":{"line":489,"column":8}}]},"14":{"line":503,"type":"if","locations":[{"start":{"line":503,"column":8},"end":{"line":503,"column":8}},{"start":{"line":503,"column":8},"end":{"line":503,"column":8}}]},"15":{"line":523,"type":"if","locations":[{"start":{"line":523,"column":8},"end":{"line":523,"column":8}},{"start":{"line":523,"column":8},"end":{"line":523,"column":8}}]},"16":{"line":542,"type":"if","locations":[{"start":{"line":542,"column":8},"end":{"line":542,"column":8}},{"start":{"line":542,"column":8},"end":{"line":542,"column":8}}]},"17":{"line":543,"type":"if","locations":[{"start":{"line":543,"column":8},"end":{"line":543,"column":8}},{"start":{"line":543,"column":8},"end":{"line":543,"column":8}}]},"18":{"line":590,"type":"if","locations":[{"start":{"line":590,"column":8},"end":{"line":590,"column":8}},{"start":{"line":590,"column":8},"end":{"line":590,"column":8}}]},"19":{"line":609,"type":"if","locations":[{"start":{"line":609,"column":8},"end":{"line":609,"column":8}},{"start":{"line":609,"column":8},"end":{"line":609,"column":8}}]},"20":{"line":756,"type":"if","locations":[{"start":{"line":756,"column":8},"end":{"line":756,"column":8}},{"start":{"line":756,"column":8},"end":{"line":756,"column":8}}]},"21":{"line":767,"type":"if","locations":[{"start":{"line":767,"column":8},"end":{"line":767,"column":8}},{"start":{"line":767,"column":8},"end":{"line":767,"column":8}}]},"22":{"line":781,"type":"if","locations":[{"start":{"line":781,"column":8},"end":{"line":781,"column":8}},{"start":{"line":781,"column":8},"end":{"line":781,"column":8}}]}}},"contracts\\Owned.sol":{"l":{"10":3,"11":3,"12":3,"16":0,"17":0,"21":0,"22":0,"23":0,"24":0,"28":1,"29":1,"33":1},"path":"C:\\Git\\alchemy_contracts\\contracts\\Owned.sol","s":{"1":3,"2":3,"3":3,"4":0,"5":0,"6":0,"7":0,"8":0,"9":0,"10":1,"11":1},"b":{"1":[3,0],"2":[0,0],"3":[1,0]},"f":{"1":3,"2":0,"3":0,"4":1,"5":1},"fnMap":{"1":{"name":"constructor","line":9,"loc":{"start":{"line":9,"column":4},"end":{"line":13,"column":4}}},"2":{"name":"nominateNewOwner","line":15,"loc":{"start":{"line":15,"column":4},"end":{"line":18,"column":4}}},"3":{"name":"acceptOwnership","line":20,"loc":{"start":{"line":20,"column":4},"end":{"line":25,"column":4}}},"4":{"name":"onlyOwner","line":27,"loc":{"start":{"line":27,"column":4},"end":{"line":30,"column":4}}},"5":{"name":"_onlyOwner","line":32,"loc":{"start":{"line":32,"column":4},"end":{"line":34,"column":4}}}},"statementMap":{"1":{"start":{"line":10,"column":8},"end":{"line":10,"column":65}},"2":{"start":{"line":11,"column":8},"end":{"line":11,"column":21}},"3":{"start":{"line":12,"column":8},"end":{"line":12,"column":45}},"4":{"start":{"line":16,"column":8},"end":{"line":16,"column":30}},"5":{"start":{"line":17,"column":8},"end":{"line":17,"column":35}},"6":{"start":{"line":21,"column":8},"end":{"line":21,"column":101}},"7":{"start":{"line":22,"column":8},"end":{"line":22,"column":48}},"8":{"start":{"line":23,"column":8},"end":{"line":23,"column":29}},"9":{"start":{"line":24,"column":8},"end":{"line":24,"column":34}},"10":{"start":{"line":28,"column":8},"end":{"line":28,"column":19}},"11":{"start":{"line":33,"column":8},"end":{"line":33,"column":86}}},"branchMap":{"1":{"line":10,"type":"if","locations":[{"start":{"line":10,"column":8},"end":{"line":10,"column":8}},{"start":{"line":10,"column":8},"end":{"line":10,"column":8}}]},"2":{"line":21,"type":"if","locations":[{"start":{"line":21,"column":8},"end":{"line":21,"column":8}},{"start":{"line":21,"column":8},"end":{"line":21,"column":8}}]},"3":{"line":33,"type":"if","locations":[{"start":{"line":33,"column":8},"end":{"line":33,"column":8}},{"start":{"line":33,"column":8},"end":{"line":33,"column":8}}]}}},"contracts\\Pausable.sol":{"l":{"14":3,"24":0,"25":0,"29":0,"32":0,"33":0,"37":0,"43":1,"44":1},"path":"C:\\Git\\alchemy_contracts\\contracts\\Pausable.sol","s":{"1":3,"2":0,"3":0,"4":0,"5":0,"6":0,"7":0,"8":1},"b":{"1":[3,0],"2":[0,0],"3":[0,0],"4":[1,0]},"f":{"1":3,"2":0,"3":1},"fnMap":{"1":{"name":"constructor","line":12,"loc":{"start":{"line":12,"column":4},"end":{"line":16,"column":4}}},"2":{"name":"setPaused","line":22,"loc":{"start":{"line":22,"column":4},"end":{"line":38,"column":4}}},"3":{"name":"notPaused","line":42,"loc":{"start":{"line":42,"column":4},"end":{"line":45,"column":4}}}},"statementMap":{"1":{"start":{"line":14,"column":8},"end":{"line":14,"column":56}},"2":{"start":{"line":24,"column":8},"end":{"line":24,"column":795}},"3":{"start":{"line":25,"column":12},"end":{"line":25,"column":18}},"4":{"start":{"line":29,"column":8},"end":{"line":29,"column":23}},"5":{"start":{"line":32,"column":8},"end":{"line":32,"column":978}},"6":{"start":{"line":33,"column":12},"end":{"line":33,"column":30}},"7":{"start":{"line":37,"column":8},"end":{"line":37,"column":33}},"8":{"start":{"line":43,"column":8},"end":{"line":43,"column":87}}},"branchMap":{"1":{"line":14,"type":"if","locations":[{"start":{"line":14,"column":8},"end":{"line":14,"column":8}},{"start":{"line":14,"column":8},"end":{"line":14,"column":8}}]},"2":{"line":24,"type":"if","locations":[{"start":{"line":24,"column":8},"end":{"line":24,"column":8}},{"start":{"line":24,"column":8},"end":{"line":24,"column":8}}]},"3":{"line":32,"type":"if","locations":[{"start":{"line":32,"column":8},"end":{"line":32,"column":8}},{"start":{"line":32,"column":8},"end":{"line":32,"column":8}}]},"4":{"line":43,"type":"if","locations":[{"start":{"line":43,"column":8},"end":{"line":43,"column":8}},{"start":{"line":43,"column":8},"end":{"line":43,"column":8}}]}}},"contracts\\RewardsDistributionRecipient.sol":{"l":{"14":0,"15":0,"19":1},"path":"C:\\Git\\alchemy_contracts\\contracts\\RewardsDistributionRecipient.sol","s":{"1":0,"2":1},"b":{"1":[0,0]},"f":{"1":0,"2":1},"fnMap":{"1":{"name":"onlyRewardsDistribution","line":13,"loc":{"start":{"line":13,"column":4},"end":{"line":16,"column":4}}},"2":{"name":"setRewardsDistribution","line":18,"loc":{"start":{"line":18,"column":4},"end":{"line":20,"column":4}}}},"statementMap":{"1":{"start":{"line":14,"column":8},"end":{"line":14,"column":95}},"2":{"start":{"line":19,"column":8},"end":{"line":19,"column":49}}},"branchMap":{"1":{"line":14,"type":"if","locations":[{"start":{"line":14,"column":8},"end":{"line":14,"column":8}},{"start":{"line":14,"column":8},"end":{"line":14,"column":8}}]}}},"contracts\\StakingRewards.sol":{"l":{"43":3,"44":3,"50":0,"54":0,"58":1,"62":2,"63":2,"65":0,"72":1,"76":0,"82":1,"83":1,"84":1,"85":1,"86":1,"90":0,"91":0,"92":0,"93":0,"94":0,"98":0,"99":0,"100":0,"101":0,"102":0,"107":0,"108":0,"114":0,"115":0,"117":0,"118":0,"119":0,"126":0,"127":0,"129":0,"130":0,"131":0,"136":0,"141":0,"142":0,"143":0,"147":0,"151":0,"152":0,"163":1,"164":1,"165":1,"166":1,"167":1,"169":1},"path":"C:\\Git\\alchemy_contracts\\contracts\\StakingRewards.sol","s":{"1":3,"2":3,"3":0,"4":0,"5":1,"6":2,"7":2,"8":0,"9":1,"10":0,"11":1,"12":1,"13":1,"14":1,"15":1,"16":0,"17":0,"18":0,"19":0,"20":0,"21":0,"22":0,"23":0,"24":0,"25":0,"26":0,"27":0,"28":0,"29":0,"30":0,"31":0,"32":0,"33":0,"34":0,"35":0,"36":0,"37":0,"38":0,"39":0,"40":0,"41":0,"42":0,"43":0,"44":0,"45":1,"46":1,"47":1,"48":1,"49":1},"b":{"1":[2,0],"2":[1,0],"3":[0,0],"4":[0,0],"5":[0,0],"6":[0,0],"7":[0,0],"8":[0,0],"9":[1,0]},"f":{"1":3,"2":0,"3":0,"4":1,"5":2,"6":1,"7":0,"8":1,"9":0,"10":0,"11":0,"12":0,"13":0,"14":0,"15":0,"16":0,"17":1},"fnMap":{"1":{"name":"constructor","line":42,"loc":{"start":{"line":38,"column":4},"end":{"line":45,"column":4}}},"2":{"name":"totalSupply","line":49,"loc":{"start":{"line":49,"column":4},"end":{"line":51,"column":4}}},"3":{"name":"balanceOf","line":53,"loc":{"start":{"line":53,"column":4},"end":{"line":55,"column":4}}},"4":{"name":"lastTimeRewardApplicable","line":57,"loc":{"start":{"line":57,"column":4},"end":{"line":59,"column":4}}},"5":{"name":"rewardPerToken","line":61,"loc":{"start":{"line":61,"column":4},"end":{"line":69,"column":4}}},"6":{"name":"earned","line":71,"loc":{"start":{"line":71,"column":4},"end":{"line":73,"column":4}}},"7":{"name":"getRewardForDuration","line":75,"loc":{"start":{"line":75,"column":4},"end":{"line":77,"column":4}}},"8":{"name":"stake","line":81,"loc":{"start":{"line":81,"column":4},"end":{"line":87,"column":4}}},"9":{"name":"withdraw","line":89,"loc":{"start":{"line":89,"column":4},"end":{"line":95,"column":4}}},"10":{"name":"getReward","line":97,"loc":{"start":{"line":97,"column":4},"end":{"line":104,"column":4}}},"11":{"name":"exit","line":106,"loc":{"start":{"line":106,"column":4},"end":{"line":109,"column":4}}},"12":{"name":"notifyRewardAmount","line":113,"loc":{"start":{"line":113,"column":4},"end":{"line":132,"column":4}}},"13":{"name":"updatePeriodFinish","line":135,"loc":{"start":{"line":135,"column":4},"end":{"line":137,"column":4}}},"14":{"name":"recoverERC20","line":140,"loc":{"start":{"line":140,"column":4},"end":{"line":144,"column":4}}},"15":{"name":"setRewardsDuration","line":146,"loc":{"start":{"line":146,"column":4},"end":{"line":153,"column":4}}},"16":{"name":"","line":158,"loc":{"start":{"line":158,"column":4},"end":{"line":158,"column":33}}},"17":{"name":"updateReward","line":162,"loc":{"start":{"line":162,"column":4},"end":{"line":170,"column":4}}}},"statementMap":{"1":{"start":{"line":43,"column":8},"end":{"line":43,"column":43}},"2":{"start":{"line":44,"column":8},"end":{"line":44,"column":49}},"3":{"start":{"line":50,"column":8},"end":{"line":50,"column":27}},"4":{"start":{"line":54,"column":8},"end":{"line":54,"column":33}},"5":{"start":{"line":58,"column":8},"end":{"line":58,"column":54}},"6":{"start":{"line":62,"column":8},"end":{"line":62,"column":2159}},"7":{"start":{"line":63,"column":12},"end":{"line":63,"column":39}},"8":{"start":{"line":65,"column":8},"end":{"line":65,"column":2247}},"9":{"start":{"line":72,"column":8},"end":{"line":72,"column":124}},"10":{"start":{"line":76,"column":8},"end":{"line":76,"column":46}},"11":{"start":{"line":82,"column":8},"end":{"line":82,"column":44}},"12":{"start":{"line":83,"column":8},"end":{"line":83,"column":46}},"13":{"start":{"line":84,"column":8},"end":{"line":84,"column":64}},"14":{"start":{"line":85,"column":8},"end":{"line":85,"column":71}},"15":{"start":{"line":86,"column":8},"end":{"line":86,"column":39}},"16":{"start":{"line":90,"column":8},"end":{"line":90,"column":47}},"17":{"start":{"line":91,"column":8},"end":{"line":91,"column":46}},"18":{"start":{"line":92,"column":8},"end":{"line":92,"column":64}},"19":{"start":{"line":93,"column":8},"end":{"line":93,"column":52}},"20":{"start":{"line":94,"column":8},"end":{"line":94,"column":42}},"21":{"start":{"line":98,"column":8},"end":{"line":98,"column":44}},"22":{"start":{"line":99,"column":8},"end":{"line":99,"column":3683}},"23":{"start":{"line":100,"column":12},"end":{"line":100,"column":34}},"24":{"start":{"line":101,"column":12},"end":{"line":101,"column":38}},"25":{"start":{"line":102,"column":12},"end":{"line":102,"column":47}},"26":{"start":{"line":107,"column":8},"end":{"line":107,"column":38}},"27":{"start":{"line":108,"column":8},"end":{"line":108,"column":18}},"28":{"start":{"line":114,"column":8},"end":{"line":114,"column":4130}},"29":{"start":{"line":115,"column":12},"end":{"line":115,"column":51}},"30":{"start":{"line":117,"column":12},"end":{"line":117,"column":65}},"31":{"start":{"line":118,"column":12},"end":{"line":118,"column":56}},"32":{"start":{"line":119,"column":12},"end":{"line":119,"column":65}},"33":{"start":{"line":126,"column":8},"end":{"line":126,"column":44}},"34":{"start":{"line":127,"column":8},"end":{"line":127,"column":86}},"35":{"start":{"line":129,"column":8},"end":{"line":129,"column":39}},"36":{"start":{"line":130,"column":8},"end":{"line":130,"column":58}},"37":{"start":{"line":131,"column":8},"end":{"line":131,"column":32}},"38":{"start":{"line":136,"column":8},"end":{"line":136,"column":31}},"39":{"start":{"line":141,"column":8},"end":{"line":141,"column":90}},"40":{"start":{"line":142,"column":8},"end":{"line":142,"column":60}},"41":{"start":{"line":143,"column":8},"end":{"line":143,"column":49}},"42":{"start":{"line":147,"column":8},"end":{"line":147,"column":5769}},"43":{"start":{"line":151,"column":8},"end":{"line":151,"column":41}},"44":{"start":{"line":152,"column":8},"end":{"line":152,"column":52}},"45":{"start":{"line":163,"column":8},"end":{"line":163,"column":46}},"46":{"start":{"line":164,"column":8},"end":{"line":164,"column":50}},"47":{"start":{"line":165,"column":8},"end":{"line":165,"column":6353}},"48":{"start":{"line":166,"column":12},"end":{"line":166,"column":45}},"49":{"start":{"line":167,"column":12},"end":{"line":167,"column":65}}},"branchMap":{"1":{"line":62,"type":"if","locations":[{"start":{"line":62,"column":8},"end":{"line":62,"column":8}},{"start":{"line":62,"column":8},"end":{"line":62,"column":8}}]},"2":{"line":82,"type":"if","locations":[{"start":{"line":82,"column":8},"end":{"line":82,"column":8}},{"start":{"line":82,"column":8},"end":{"line":82,"column":8}}]},"3":{"line":90,"type":"if","locations":[{"start":{"line":90,"column":8},"end":{"line":90,"column":8}},{"start":{"line":90,"column":8},"end":{"line":90,"column":8}}]},"4":{"line":99,"type":"if","locations":[{"start":{"line":99,"column":8},"end":{"line":99,"column":8}},{"start":{"line":99,"column":8},"end":{"line":99,"column":8}}]},"5":{"line":114,"type":"if","locations":[{"start":{"line":114,"column":8},"end":{"line":114,"column":8}},{"start":{"line":114,"column":8},"end":{"line":114,"column":8}}]},"6":{"line":127,"type":"if","locations":[{"start":{"line":127,"column":8},"end":{"line":127,"column":8}},{"start":{"line":127,"column":8},"end":{"line":127,"column":8}}]},"7":{"line":141,"type":"if","locations":[{"start":{"line":141,"column":8},"end":{"line":141,"column":8}},{"start":{"line":141,"column":8},"end":{"line":141,"column":8}}]},"8":{"line":147,"type":"if","locations":[{"start":{"line":147,"column":8},"end":{"line":147,"column":8}},{"start":{"line":147,"column":8},"end":{"line":147,"column":8}}]},"9":{"line":165,"type":"if","locations":[{"start":{"line":165,"column":8},"end":{"line":165,"column":8}},{"start":{"line":165,"column":8},"end":{"line":165,"column":8}}]}}}}