TN:
SF:C:\Git\alchemy_contracts\contracts\ALCH.sol
FN:88,constructor
FN:104,setMinter
FN:115,mint
FN:136,allowance
FN:144,approve
FN:158,permit
FN:205,balanceOf
FN:209,nonceOf
FN:213,transfer
FN:219,transferFrom
FN:243,delegate
FN:247,delegateBySig
FN:276,getCurrentVotes
FN:281,getPriorVotes
FN:320,_delegate
FN:330,_transferTokens
FN:359,_moveDelegates
FN:393,_writeCheckpoint
FN:417,safe32
FN:426,safe96
FN:435,add96
FN:445,sub96
FN:454,getChainId
FNF:23
FNH:9
FNDA:3,constructor
FNDA:0,setMinter
FNDA:0,mint
FNDA:0,allowance
FNDA:1,approve
FNDA:0,permit
FNDA:1,balanceOf
FNDA:0,nonceOf
FNDA:0,transfer
FNDA:1,transferFrom
FNDA:0,delegate
FNDA:0,delegateBySig
FNDA:0,getCurrentVotes
FNDA:0,getPriorVotes
FNDA:0,_delegate
FNDA:1,_transferTokens
FNDA:1,_moveDelegates
FNDA:0,_writeCheckpoint
FNDA:0,safe32
FNDA:2,safe96
FNDA:1,add96
FNDA:2,sub96
FNDA:0,getChainId
DA:89,3
DA:93,3
DA:94,3
DA:95,3
DA:96,3
DA:97,3
DA:105,0
DA:106,0
DA:107,0
DA:116,0
DA:117,0
DA:118,0
DA:121,0
DA:124,0
DA:125,0
DA:126,0
DA:129,0
DA:130,0
DA:133,0
DA:141,0
DA:145,1
DA:146,1
DA:147,0
DA:149,1
DA:152,1
DA:154,1
DA:155,1
DA:167,0
DA:168,0
DA:169,0
DA:171,0
DA:174,0
DA:182,0
DA:192,0
DA:195,0
DA:196,0
DA:197,0
DA:198,0
DA:200,0
DA:202,0
DA:206,1
DA:210,0
DA:214,0
DA:215,0
DA:216,0
DA:224,1
DA:225,1
DA:226,1
DA:228,1
DA:229,1
DA:234,1
DA:236,1
DA:239,1
DA:240,1
DA:244,0
DA:255,0
DA:263,0
DA:266,0
DA:269,0
DA:270,0
DA:271,0
DA:272,0
DA:273,0
DA:277,0
DA:278,0
DA:286,0
DA:291,0
DA:292,0
DA:293,0
DA:296,0
DA:297,0
DA:300,0
DA:301,0
DA:304,0
DA:305,0
DA:306,0
DA:307,0
DA:308,0
DA:309,0
DA:310,0
DA:312,0
DA:314,0
DA:317,0
DA:321,0
DA:322,0
DA:323,0
DA:325,0
DA:327,0
DA:335,1
DA:339,1
DA:344,1
DA:349,1
DA:354,1
DA:356,1
DA:364,1
DA:365,0
DA:366,0
DA:367,0
DA:370,0
DA:375,0
DA:378,0
DA:379,0
DA:380,0
DA:383,0
DA:388,0
DA:399,0
DA:404,0
DA:408,0
DA:410,0
DA:411,0
DA:414,0
DA:422,0
DA:423,0
DA:431,2
DA:432,2
DA:440,1
DA:441,1
DA:442,1
DA:450,2
DA:451,2
DA:455,0
DA:456,0
DA:459,0
LF:123
LH:36
BRDA:89,1,0,3
BRDA:89,1,1,0
BRDA:105,2,0,0
BRDA:105,2,1,0
BRDA:116,3,0,0
BRDA:116,3,1,0
BRDA:117,4,0,0
BRDA:117,4,1,0
BRDA:118,5,0,0
BRDA:118,5,1,0
BRDA:125,6,0,0
BRDA:125,6,1,0
BRDA:146,7,0,0
BRDA:146,7,1,1
BRDA:168,8,0,0
BRDA:168,8,1,0
BRDA:196,9,0,0
BRDA:196,9,1,0
BRDA:197,10,0,0
BRDA:197,10,1,0
BRDA:198,11,0,0
BRDA:198,11,1,0
BRDA:228,12,0,1
BRDA:228,12,1,0
BRDA:270,13,0,0
BRDA:270,13,1,0
BRDA:271,14,0,0
BRDA:271,14,1,0
BRDA:272,15,0,0
BRDA:272,15,1,0
BRDA:286,16,0,0
BRDA:286,16,1,0
BRDA:292,17,0,0
BRDA:292,17,1,0
BRDA:296,18,0,0
BRDA:296,18,1,0
BRDA:300,19,0,0
BRDA:300,19,1,0
BRDA:309,20,0,0
BRDA:309,20,1,0
BRDA:311,21,0,0
BRDA:311,21,1,0
BRDA:335,22,0,1
BRDA:335,22,1,0
BRDA:339,23,0,1
BRDA:339,23,1,0
BRDA:364,24,0,0
BRDA:364,24,1,1
BRDA:365,25,0,0
BRDA:365,25,1,0
BRDA:378,26,0,0
BRDA:378,26,1,0
BRDA:404,27,0,0
BRDA:404,27,1,0
BRDA:422,28,0,0
BRDA:422,28,1,0
BRDA:431,29,0,2
BRDA:431,29,1,0
BRDA:441,30,0,1
BRDA:441,30,1,0
BRDA:450,31,0,2
BRDA:450,31,1,0
BRF:62
BRH:9
end_of_record
TN:
SF:C:\Git\alchemy_contracts\contracts\Alchemy.sol
FN:94,constructor
FN:123,onlyTimeLock
FN:136,init
FN:153,_burn
FN:160,burnForETH
FN:175,Buyshares
FN:190,buyout
FN:217,burnSharesForSale
FN:231,mintSharesForSale
FN:243,changeBuyoutPrice
FN:254,setNftSale
FN:264,buySingleNft
FN:287,addNft
FN:300,returnNft
FN:315,executeTransaction
FN:334,name
FN:342,symbol
FN:355,decimals
FN:362,totalSupply
FN:369,balanceOf
FN:381,transfer
FN:391,
FN:398,allowance
FN:414,approve
FN:435,transferFrom
FN:465,_approve
FN:477,_transfer
FN:496,delegate
FN:505,getCurrentVotes
FN:517,getPriorVotes
FN:551,_delegate
FN:561,_transferTokens
FN:572,_moveDelegates
FN:590,_writeCheckpoint
FN:603,safe32
FN:609,getChainId
FN:658,constructor
FN:668,distributeAlc
FN:686,NFTDAOMint
FN:718,newFactoryOwner
FN:728,getFactoryOwner
FNF:41
FNH:27
FNDA:4,constructor
FNDA:7,onlyTimeLock
FNDA:1,init
FNDA:3,_burn
FNDA:1,burnForETH
FNDA:1,Buyshares
FNDA:1,buyout
FNDA:1,burnSharesForSale
FNDA:1,mintSharesForSale
FNDA:1,changeBuyoutPrice
FNDA:1,setNftSale
FNDA:2,buySingleNft
FNDA:1,addNft
FNDA:1,returnNft
FNDA:0,executeTransaction
FNDA:1,name
FNDA:0,symbol
FNDA:0,decimals
FNDA:0,totalSupply
FNDA:1,balanceOf
FNDA:0,transfer
FNDA:0,
FNDA:0,allowance
FNDA:0,approve
FNDA:0,transferFrom
FNDA:0,_approve
FNDA:0,_transfer
FNDA:1,delegate
FNDA:0,getCurrentVotes
FNDA:12,getPriorVotes
FNDA:1,_delegate
FNDA:0,_transferTokens
FNDA:1,_moveDelegates
FNDA:1,_writeCheckpoint
FNDA:1,safe32
FNDA:0,getChainId
FNDA:3,constructor
FNDA:1,distributeAlc
FNDA:1,NFTDAOMint
FNDA:1,newFactoryOwner
FNDA:2,getFactoryOwner
DA:105,4
DA:106,4
DA:108,4
DA:109,4
DA:110,4
DA:112,4
DA:113,4
DA:114,4
DA:115,4
DA:116,4
DA:117,4
DA:124,7
DA:125,6
DA:137,1
DA:138,1
DA:140,1
DA:141,1
DA:142,1
DA:144,1
DA:154,3
DA:161,1
DA:162,1
DA:163,1
DA:164,1
DA:165,1
DA:166,1
DA:167,1
DA:176,1
DA:177,1
DA:179,1
DA:180,1
DA:182,1
DA:191,1
DA:192,1
DA:194,1
DA:195,1
DA:197,1
DA:198,1
DA:200,1
DA:201,0
DA:205,1
DA:206,1
DA:208,1
DA:209,1
DA:218,1
DA:220,1
DA:221,1
DA:223,1
DA:232,1
DA:233,1
DA:235,1
DA:244,1
DA:255,1
DA:256,1
DA:265,2
DA:266,1
DA:268,1
DA:269,1
DA:272,1
DA:273,1
DA:275,1
DA:276,1
DA:277,1
DA:288,1
DA:289,1
DA:292,1
DA:293,1
DA:294,1
DA:301,1
DA:302,1
DA:303,1
DA:316,0
DA:318,0
DA:319,0
DA:321,0
DA:325,0
DA:326,0
DA:328,0
DA:335,1
DA:343,0
DA:356,0
DA:363,0
DA:370,1
DA:382,0
DA:383,0
DA:384,0
DA:404,0
DA:419,0
DA:420,0
DA:436,0
DA:437,0
DA:438,0
DA:440,0
DA:441,0
DA:442,0
DA:447,0
DA:448,0
DA:470,0
DA:471,0
DA:473,0
DA:474,0
DA:482,0
DA:483,0
DA:484,0
DA:488,0
DA:489,0
DA:497,1
DA:506,0
DA:507,0
DA:518,12
DA:520,12
DA:521,12
DA:522,0
DA:526,12
DA:527,12
DA:531,0
DA:532,0
DA:535,0
DA:536,0
DA:537,0
DA:538,0
DA:539,0
DA:540,0
DA:541,0
DA:543,0
DA:545,0
DA:548,0
DA:552,1
DA:553,1
DA:554,1
DA:556,1
DA:558,1
DA:562,0
DA:563,0
DA:565,0
DA:566,0
DA:567,0
DA:569,0
DA:573,1
DA:574,1
DA:575,0
DA:576,0
DA:577,0
DA:578,0
DA:581,1
DA:582,1
DA:583,1
DA:584,1
DA:585,1
DA:591,1
DA:593,1
DA:594,0
DA:596,1
DA:597,1
DA:600,1
DA:604,1
DA:605,1
DA:610,0
DA:611,0
DA:612,0
DA:659,3
DA:660,3
DA:669,1
DA:670,0
DA:695,1
DA:707,1
DA:709,1
DA:710,1
DA:719,1
DA:720,1
DA:729,2
LF:171
LH:107
BRDA:124,1,0,6
BRDA:124,1,1,1
BRDA:137,2,0,1
BRDA:137,2,1,0
BRDA:138,3,0,1
BRDA:138,3,1,0
BRDA:176,4,0,1
BRDA:176,4,1,0
BRDA:177,5,0,1
BRDA:177,5,1,0
BRDA:195,6,0,1
BRDA:195,6,1,0
BRDA:218,7,0,1
BRDA:218,7,1,0
BRDA:265,8,0,1
BRDA:265,8,1,1
BRDA:266,9,0,1
BRDA:266,9,1,0
BRDA:289,10,0,1
BRDA:289,10,1,0
BRDA:318,11,0,0
BRDA:318,11,1,0
BRDA:326,12,0,0
BRDA:326,12,1,0
BRDA:440,13,0,0
BRDA:440,13,1,0
BRDA:470,14,0,0
BRDA:470,14,1,0
BRDA:471,15,0,0
BRDA:471,15,1,0
BRDA:482,16,0,0
BRDA:482,16,1,0
BRDA:483,17,0,0
BRDA:483,17,1,0
BRDA:518,18,0,12
BRDA:518,18,1,0
BRDA:521,19,0,0
BRDA:521,19,1,12
BRDA:526,20,0,12
BRDA:526,20,1,0
BRDA:531,21,0,0
BRDA:531,21,1,0
BRDA:540,22,0,0
BRDA:540,22,1,0
BRDA:542,23,0,0
BRDA:542,23,1,0
BRDA:562,24,0,0
BRDA:562,24,1,0
BRDA:563,25,0,0
BRDA:563,25,1,0
BRDA:573,26,0,1
BRDA:573,26,1,0
BRDA:574,27,0,0
BRDA:574,27,1,1
BRDA:581,28,0,1
BRDA:581,28,1,0
BRDA:593,29,0,0
BRDA:593,29,1,1
BRDA:604,30,0,1
BRDA:604,30,1,0
BRDA:669,31,0,0
BRDA:669,31,1,1
BRDA:719,32,0,1
BRDA:719,32,1,0
BRF:64
BRH:22
end_of_record
TN:
SF:C:\Git\alchemy_contracts\contracts\AlchemyGovernorAlpha.sol
FN:20,quorumVotes
FN:23,proposalThreshold
FN:26,proposalMaxOperations
FN:29,votingDelay
FN:32,votingPeriod
FN:138,constructor
FN:144,init
FN:149,propose
FN:189,queue
FN:200,_queueOrRevert
FN:205,execute
FN:215,cancel
FN:230,getActions
FN:235,getReceipt
FN:239,state
FN:261,castVote
FN:265,castVoteBySig
FN:274,_castVote
FN:294,add256
FN:300,sub256
FN:305,getChainId
FN:337,GovernorMint
FNF:22
FNH:17
FNDA:18,quorumVotes
FNDA:6,proposalThreshold
FNDA:6,proposalMaxOperations
FNDA:6,votingDelay
FNDA:6,votingPeriod
FNDA:1,constructor
FNDA:1,init
FNDA:6,propose
FNDA:6,queue
FNDA:6,_queueOrRevert
FNDA:6,execute
FNDA:0,cancel
FNDA:0,getActions
FNDA:0,getReceipt
FNDA:26,state
FNDA:6,castVote
FNDA:0,castVoteBySig
FNDA:6,_castVote
FNDA:30,add256
FNDA:6,sub256
FNDA:0,getChainId
FNDA:1,GovernorMint
DA:139,1
DA:140,1
DA:141,1
DA:145,1
DA:146,1
DA:150,6
DA:151,6
DA:152,6
DA:153,6
DA:155,6
DA:156,6
DA:157,5
DA:158,5
DA:159,5
DA:162,6
DA:163,6
DA:165,6
DA:166,6
DA:182,6
DA:183,6
DA:185,6
DA:186,6
DA:190,6
DA:191,6
DA:192,6
DA:193,6
DA:194,6
DA:196,6
DA:197,6
DA:201,6
DA:202,6
DA:206,6
DA:207,6
DA:208,6
DA:209,6
DA:210,6
DA:212,6
DA:216,0
DA:217,0
DA:219,0
DA:220,0
DA:222,0
DA:223,0
DA:224,0
DA:227,0
DA:231,0
DA:232,0
DA:236,0
DA:240,26
DA:241,26
DA:242,26
DA:243,0
DA:245,2
DA:247,6
DA:249,0
DA:251,7
DA:253,5
DA:255,0
DA:257,6
DA:262,6
DA:266,0
DA:267,0
DA:268,0
DA:269,0
DA:270,0
DA:271,0
DA:275,6
DA:276,6
DA:277,6
DA:278,6
DA:279,6
DA:281,6
DA:282,6
DA:284,0
DA:287,6
DA:288,6
DA:289,6
DA:291,6
DA:295,30
DA:296,30
DA:297,30
DA:301,6
DA:302,6
DA:306,0
DA:307,0
DA:308,0
DA:342,1
DA:347,1
DA:348,1
LF:89
LH:65
BRDA:145,1,0,1
BRDA:145,1,1,0
BRDA:150,2,0,6
BRDA:150,2,1,0
BRDA:151,3,0,6
BRDA:151,3,1,0
BRDA:152,4,0,6
BRDA:152,4,1,0
BRDA:153,5,0,6
BRDA:153,5,1,0
BRDA:156,6,0,5
BRDA:156,6,1,1
BRDA:158,7,0,5
BRDA:158,7,1,0
BRDA:159,8,0,5
BRDA:159,8,1,0
BRDA:190,9,0,6
BRDA:190,9,1,0
BRDA:201,10,0,6
BRDA:201,10,1,0
BRDA:206,11,0,6
BRDA:206,11,1,0
BRDA:217,12,0,0
BRDA:217,12,1,0
BRDA:220,13,0,0
BRDA:220,13,1,0
BRDA:240,14,0,26
BRDA:240,14,1,0
BRDA:242,15,0,0
BRDA:242,15,1,26
BRDA:244,16,0,2
BRDA:244,16,1,24
BRDA:246,17,0,6
BRDA:246,17,1,18
BRDA:248,18,0,0
BRDA:248,18,1,18
BRDA:250,19,0,7
BRDA:250,19,1,11
BRDA:252,20,0,5
BRDA:252,20,1,6
BRDA:254,21,0,0
BRDA:254,21,1,6
BRDA:270,22,0,0
BRDA:270,22,1,0
BRDA:275,23,0,6
BRDA:275,23,1,0
BRDA:278,24,0,6
BRDA:278,24,1,0
BRDA:281,25,0,6
BRDA:281,25,1,0
BRDA:296,26,0,30
BRDA:296,26,1,0
BRDA:301,27,0,6
BRDA:301,27,1,0
BRF:54
BRH:29
end_of_record
TN:
SF:C:\Git\alchemy_contracts\contracts\AlchemyRouter.sol
FN:22,constructor
FN:35,distribute
FN:48,deposit
FN:60,
FN:80,newStakingrewards
FN:85,newTreasury
FN:90,newAlchemyFactory
FN:95,newAlchemyFactoryOwner
FN:100,setNewOwner
FNF:9
FNH:2
FNDA:3,constructor
FNDA:0,distribute
FNDA:2,deposit
FNDA:0,
FNDA:0,newStakingrewards
FNDA:0,newTreasury
FNDA:0,newAlchemyFactory
FNDA:0,newAlchemyFactoryOwner
FNDA:0,setNewOwner
DA:23,3
DA:24,3
DA:25,3
DA:26,3
DA:36,0
DA:37,0
DA:38,0
DA:39,0
DA:41,0
DA:49,2
DA:51,2
DA:52,0
DA:61,0
DA:63,0
DA:64,0
DA:73,0
DA:75,0
DA:76,0
DA:81,0
DA:82,0
DA:86,0
DA:87,0
DA:91,0
DA:92,0
DA:96,0
DA:97,0
DA:101,0
DA:102,0
LF:28
LH:6
BRDA:51,1,0,0
BRDA:51,1,1,2
BRDA:63,2,0,0
BRDA:63,2,1,0
BRDA:75,3,0,0
BRDA:75,3,1,0
BRDA:81,4,0,0
BRDA:81,4,1,0
BRDA:86,5,0,0
BRDA:86,5,1,0
BRDA:91,6,0,0
BRDA:91,6,1,0
BRDA:96,7,0,0
BRDA:96,7,1,0
BRDA:101,8,0,0
BRDA:101,8,1,0
BRF:16
BRH:1
end_of_record
TN:
SF:C:\Git\alchemy_contracts\contracts\AlchemyTimeLock.sol
FN:29,add
FN:44,add
FN:59,sub
FN:71,sub
FN:86,mul
FN:108,mul
FN:133,div
FN:148,div
FN:168,mod
FN:183,mod
FN:214,constructor
FN:225,
FN:229,setDelay
FN:238,acceptAdmin
FN:246,setPendingAdmin
FN:253,queueTransaction
FN:264,cancelTransaction
FN:273,executeTransaction
FN:300,getBlockTimestamp
FN:318,TimelockMint
FNF:20
FNH:6
FNDA:12,add
FNDA:0,add
FNDA:0,sub
FNDA:0,sub
FNDA:0,mul
FNDA:0,mul
FNDA:0,div
FNDA:0,div
FNDA:0,mod
FNDA:0,mod
FNDA:1,constructor
FNDA:0,
FNDA:0,setDelay
FNDA:0,acceptAdmin
FNDA:0,setPendingAdmin
FNDA:6,queueTransaction
FNDA:0,cancelTransaction
FNDA:6,executeTransaction
FNDA:18,getBlockTimestamp
FNDA:1,TimelockMint
DA:30,12
DA:31,12
DA:33,12
DA:45,0
DA:46,0
DA:48,0
DA:60,0
DA:72,0
DA:73,0
DA:75,0
DA:90,0
DA:91,0
DA:94,0
DA:95,0
DA:97,0
DA:112,0
DA:113,0
DA:116,0
DA:117,0
DA:119,0
DA:134,0
DA:150,0
DA:151,0
DA:154,0
DA:169,0
DA:184,0
DA:185,0
DA:215,1
DA:216,1
DA:218,1
DA:219,1
DA:230,0
DA:231,0
DA:232,0
DA:233,0
DA:235,0
DA:239,0
DA:240,0
DA:241,0
DA:243,0
DA:247,0
DA:248,0
DA:250,0
DA:254,6
DA:255,6
DA:257,6
DA:258,6
DA:260,6
DA:261,6
DA:265,0
DA:267,0
DA:268,0
DA:270,0
DA:274,6
DA:276,6
DA:277,6
DA:278,6
DA:279,6
DA:281,6
DA:283,6
DA:285,6
DA:286,0
DA:288,6
DA:292,6
DA:293,6
DA:295,6
DA:297,6
DA:302,18
DA:322,1
DA:326,1
DA:327,1
LF:71
LH:30
BRDA:31,1,0,12
BRDA:31,1,1,0
BRDA:46,2,0,0
BRDA:46,2,1,0
BRDA:72,3,0,0
BRDA:72,3,1,0
BRDA:90,4,0,0
BRDA:90,4,1,0
BRDA:95,5,0,0
BRDA:95,5,1,0
BRDA:112,6,0,0
BRDA:112,6,1,0
BRDA:117,7,0,0
BRDA:117,7,1,0
BRDA:150,8,0,0
BRDA:150,8,1,0
BRDA:184,9,0,0
BRDA:184,9,1,0
BRDA:215,10,0,1
BRDA:215,10,1,0
BRDA:216,11,0,1
BRDA:216,11,1,0
BRDA:230,12,0,0
BRDA:230,12,1,0
BRDA:231,13,0,0
BRDA:231,13,1,0
BRDA:232,14,0,0
BRDA:232,14,1,0
BRDA:239,15,0,0
BRDA:239,15,1,0
BRDA:247,16,0,0
BRDA:247,16,1,0
BRDA:254,17,0,6
BRDA:254,17,1,0
BRDA:255,18,0,6
BRDA:255,18,1,0
BRDA:265,19,0,0
BRDA:265,19,1,0
BRDA:274,20,0,6
BRDA:274,20,1,0
BRDA:277,21,0,6
BRDA:277,21,1,0
BRDA:278,22,0,6
BRDA:278,22,1,0
BRDA:279,23,0,6
BRDA:279,23,1,0
BRDA:285,24,0,0
BRDA:285,24,1,6
BRDA:293,25,0,6
BRDA:293,25,1,0
BRF:50
BRH:11
end_of_record
TN:
SF:C:\Git\alchemy_contracts\contracts\interfaces\IAlchemyFactory.sol
FNF:0
FNH:0
LF:0
LH:0
BRF:0
BRH:0
end_of_record
TN:
SF:C:\Git\alchemy_contracts\contracts\interfaces\IStakingRewards.sol
FNF:0
FNH:0
LF:0
LH:0
BRF:0
BRH:0
end_of_record
TN:
SF:C:\Git\alchemy_contracts\contracts\min_minty.sol
FN:131,mul
FN:147,div
FN:157,sub
FN:165,add
FN:183,isContract
FN:220,constructor
FN:227,supportsInterface
FN:234,_registerInterface
FN:279,constructor
FN:289,balanceOf
FN:299,ownerOf
FN:313,approve
FN:328,getApproved
FN:339,setApprovalForAll
FN:351,isApprovedForAll
FN:367,transferFrom
FN:394,safeTransferFrom
FN:415,safeTransferFrom
FN:431,_exists
FN:443,_isApprovedOrOwner
FN:463,_mint
FN:475,_burn
FN:488,_addTokenTo
FN:502,_removeTokenFrom
FN:517,_checkOnERC721Received
FN:541,_clearApproval
FN:574,constructor
FN:585,tokenOfOwnerByIndex
FN:598,totalSupply
FN:608,tokenByIndex
FN:620,_addTokenTo
FN:635,_removeTokenFrom
FN:662,_mint
FN:675,_burn
FN:726,constructor
FN:738,name
FN:746,symbol
FN:755,tokenURI
FN:766,_setTokenURI
FN:777,_burn
FN:799,mintWithTokenURI
FN:827,constructor
FNF:42
FNH:22
FNDA:0,mul
FNDA:0,div
FNDA:8,sub
FNDA:19,add
FNDA:0,isContract
FNDA:3,constructor
FNDA:0,supportsInterface
FNDA:12,_registerInterface
FNDA:3,constructor
FNDA:0,balanceOf
FNDA:15,ownerOf
FNDA:2,approve
FNDA:1,getApproved
FNDA:0,setApprovalForAll
FNDA:0,isApprovedForAll
FNDA:4,transferFrom
FNDA:0,safeTransferFrom
FNDA:0,safeTransferFrom
FNDA:16,_exists
FNDA:4,_isApprovedOrOwner
FNDA:15,_mint
FNDA:0,_burn
FNDA:19,_addTokenTo
FNDA:4,_removeTokenFrom
FNDA:0,_checkOnERC721Received
FNDA:4,_clearApproval
FNDA:3,constructor
FNDA:0,tokenOfOwnerByIndex
FNDA:0,totalSupply
FNDA:0,tokenByIndex
FNDA:19,_addTokenTo
FNDA:4,_removeTokenFrom
FNDA:15,_mint
FNDA:0,_burn
FNDA:3,constructor
FNDA:0,name
FNDA:0,symbol
FNDA:0,tokenURI
FNDA:15,_setTokenURI
FNDA:0,_burn
FNDA:0,mintWithTokenURI
FNDA:3,constructor
DA:135,0
DA:136,0
DA:139,0
DA:140,0
DA:141,0
DA:151,0
DA:158,8
DA:159,8
DA:166,19
DA:167,19
DA:168,19
DA:184,0
DA:192,0
DA:195,0
DA:221,3
DA:228,0
DA:235,12
DA:236,12
DA:281,3
DA:290,0
DA:291,0
DA:300,15
DA:301,15
DA:302,15
DA:314,2
DA:315,2
DA:316,2
DA:318,2
DA:319,2
DA:329,1
DA:330,1
DA:340,0
DA:341,0
DA:342,0
DA:356,0
DA:372,4
DA:373,4
DA:375,4
DA:376,4
DA:377,4
DA:379,4
DA:400,0
DA:421,0
DA:423,0
DA:432,16
DA:433,16
DA:448,4
DA:452,4
DA:464,15
DA:466,15
DA:467,15
DA:476,0
DA:477,0
DA:478,0
DA:489,19
DA:490,19
DA:491,19
DA:503,4
DA:504,4
DA:505,4
DA:523,0
DA:524,0
DA:526,0
DA:532,0
DA:542,4
DA:543,4
DA:544,2
DA:576,3
DA:590,0
DA:591,0
DA:599,0
DA:609,0
DA:610,0
DA:621,19
DA:622,19
DA:623,19
DA:624,19
DA:636,4
DA:640,4
DA:641,4
DA:642,4
DA:644,4
DA:646,4
DA:652,4
DA:653,4
DA:663,15
DA:665,15
DA:666,15
DA:676,0
DA:679,0
DA:680,0
DA:681,0
DA:683,0
DA:684,0
DA:686,0
DA:687,0
DA:688,0
DA:727,3
DA:728,3
DA:731,3
DA:739,0
DA:747,0
DA:756,0
DA:757,0
DA:767,15
DA:768,15
DA:778,0
DA:781,0
DA:782,0
DA:804,0
DA:805,0
DA:806,0
DA:828,3
DA:829,3
DA:830,3
DA:831,3
DA:832,3
DA:833,3
DA:834,3
DA:835,3
DA:836,3
DA:837,3
DA:838,3
LF:123
LH:73
BRDA:135,1,0,0
BRDA:135,1,1,0
BRDA:235,2,0,12
BRDA:235,2,1,0
BRDA:290,3,0,0
BRDA:290,3,1,0
BRDA:301,4,0,15
BRDA:301,4,1,0
BRDA:315,5,0,2
BRDA:315,5,1,0
BRDA:316,6,0,2
BRDA:316,6,1,0
BRDA:329,7,0,1
BRDA:329,7,1,0
BRDA:340,8,0,0
BRDA:340,8,1,0
BRDA:372,9,0,4
BRDA:372,9,1,0
BRDA:373,10,0,4
BRDA:373,10,1,0
BRDA:423,11,0,0
BRDA:423,11,1,0
BRDA:464,12,0,15
BRDA:464,12,1,0
BRDA:489,13,0,19
BRDA:489,13,1,0
BRDA:503,14,0,4
BRDA:503,14,1,0
BRDA:523,15,0,0
BRDA:523,15,1,0
BRDA:542,16,0,4
BRDA:542,16,1,0
BRDA:543,17,0,2
BRDA:543,17,1,2
BRDA:590,18,0,0
BRDA:590,18,1,0
BRDA:609,19,0,0
BRDA:609,19,1,0
BRDA:756,20,0,0
BRDA:756,20,1,0
BRDA:767,21,0,15
BRDA:767,21,1,0
BRDA:781,22,0,0
BRDA:781,22,1,0
BRF:44
BRH:14
end_of_record
TN:
SF:C:\Git\alchemy_contracts\contracts\Owned.sol
FN:9,constructor
FN:15,nominateNewOwner
FN:20,acceptOwnership
FN:27,onlyOwner
FN:32,_onlyOwner
FNF:5
FNH:3
FNDA:3,constructor
FNDA:0,nominateNewOwner
FNDA:0,acceptOwnership
FNDA:1,onlyOwner
FNDA:1,_onlyOwner
DA:10,3
DA:11,3
DA:12,3
DA:16,0
DA:17,0
DA:21,0
DA:22,0
DA:23,0
DA:24,0
DA:28,1
DA:29,1
DA:33,1
LF:12
LH:6
BRDA:10,1,0,3
BRDA:10,1,1,0
BRDA:21,2,0,0
BRDA:21,2,1,0
BRDA:33,3,0,1
BRDA:33,3,1,0
BRF:6
BRH:2
end_of_record
TN:
SF:C:\Git\alchemy_contracts\contracts\Pausable.sol
FN:12,constructor
FN:22,setPaused
FN:42,notPaused
FNF:3
FNH:2
FNDA:3,constructor
FNDA:0,setPaused
FNDA:1,notPaused
DA:14,3
DA:24,0
DA:25,0
DA:29,0
DA:32,0
DA:33,0
DA:37,0
DA:43,1
DA:44,1
LF:9
LH:3
BRDA:14,1,0,3
BRDA:14,1,1,0
BRDA:24,2,0,0
BRDA:24,2,1,0
BRDA:32,3,0,0
BRDA:32,3,1,0
BRDA:43,4,0,1
BRDA:43,4,1,0
BRF:8
BRH:2
end_of_record
TN:
SF:C:\Git\alchemy_contracts\contracts\RewardsDistributionRecipient.sol
FN:13,onlyRewardsDistribution
FN:18,setRewardsDistribution
FNF:2
FNH:1
FNDA:0,onlyRewardsDistribution
FNDA:1,setRewardsDistribution
DA:14,0
DA:15,0
DA:19,1
LF:3
LH:1
BRDA:14,1,0,0
BRDA:14,1,1,0
BRF:2
BRH:0
end_of_record
TN:
SF:C:\Git\alchemy_contracts\contracts\StakingRewards.sol
FN:42,constructor
FN:49,totalSupply
FN:53,balanceOf
FN:57,lastTimeRewardApplicable
FN:61,rewardPerToken
FN:71,earned
FN:75,getRewardForDuration
FN:81,stake
FN:89,withdraw
FN:97,getReward
FN:106,exit
FN:113,notifyRewardAmount
FN:135,updatePeriodFinish
FN:140,recoverERC20
FN:146,setRewardsDuration
FN:158,
FN:162,updateReward
FNF:17
FNH:6
FNDA:3,constructor
FNDA:0,totalSupply
FNDA:0,balanceOf
FNDA:1,lastTimeRewardApplicable
FNDA:2,rewardPerToken
FNDA:1,earned
FNDA:0,getRewardForDuration
FNDA:1,stake
FNDA:0,withdraw
FNDA:0,getReward
FNDA:0,exit
FNDA:0,notifyRewardAmount
FNDA:0,updatePeriodFinish
FNDA:0,recoverERC20
FNDA:0,setRewardsDuration
FNDA:0,
FNDA:1,updateReward
DA:43,3
DA:44,3
DA:50,0
DA:54,0
DA:58,1
DA:62,2
DA:63,2
DA:65,0
DA:72,1
DA:76,0
DA:82,1
DA:83,1
DA:84,1
DA:85,1
DA:86,1
DA:90,0
DA:91,0
DA:92,0
DA:93,0
DA:94,0
DA:98,0
DA:99,0
DA:100,0
DA:101,0
DA:102,0
DA:107,0
DA:108,0
DA:114,0
DA:115,0
DA:117,0
DA:118,0
DA:119,0
DA:126,0
DA:127,0
DA:129,0
DA:130,0
DA:131,0
DA:136,0
DA:141,0
DA:142,0
DA:143,0
DA:147,0
DA:151,0
DA:152,0
DA:163,1
DA:164,1
DA:165,1
DA:166,1
DA:167,1
DA:169,1
LF:50
LH:17
BRDA:62,1,0,2
BRDA:62,1,1,0
BRDA:82,2,0,1
BRDA:82,2,1,0
BRDA:90,3,0,0
BRDA:90,3,1,0
BRDA:99,4,0,0
BRDA:99,4,1,0
BRDA:114,5,0,0
BRDA:114,5,1,0
BRDA:127,6,0,0
BRDA:127,6,1,0
BRDA:141,7,0,0
BRDA:141,7,1,0
BRDA:147,8,0,0
BRDA:147,8,1,0
BRDA:165,9,0,1
BRDA:165,9,1,0
BRF:18
BRH:3
end_of_record
